mode: atomic
github.com/ct-logic-api-document/main.go:8.13,11.16 3 0
github.com/ct-logic-api-document/main.go:11.16,13.3 1 0
github.com/ct-logic-api-document/cmd/app.go:9.22,14.48 1 0
github.com/ct-logic-api-document/cmd/app.go:14.49,14.50 0 0
github.com/ct-logic-api-document/cmd/app.go:16.2,20.16 4 0
github.com/ct-logic-api-document/cmd/app.go:20.16,22.3 1 0
github.com/ct-logic-api-document/cmd/app.go:23.2,23.12 1 0
github.com/ct-logic-api-document/cmd/cronjob.go:12.42,16.3 1 0
github.com/ct-logic-api-document/cmd/service.go:26.47,28.3 1 0
github.com/ct-logic-api-document/cmd/service.go:35.19,42.37 3 0
github.com/ct-logic-api-document/cmd/service.go:42.38,42.39 0 0
github.com/ct-logic-api-document/cmd/service.go:43.67,45.4 1 0
github.com/ct-logic-api-document/cmd/service.go:46.2,47.16 2 0
github.com/ct-logic-api-document/cmd/service.go:47.16,48.56 1 0
github.com/ct-logic-api-document/cmd/service.go:51.2,52.44 1 0
github.com/ct-logic-api-document/cmd/service.go:52.44,53.14 1 0
github.com/ct-logic-api-document/cmd/service.go:53.14,56.19 3 0
github.com/ct-logic-api-document/cmd/service.go:56.19,58.6 1 0
github.com/ct-logic-api-document/cmd/service.go:60.4,60.14 1 0
github.com/ct-logic-api-document/cmd/service.go:65.2,65.15 1 0
github.com/ct-logic-api-document/cmd/service.go:68.46,73.39 4 0
github.com/ct-logic-api-document/cmd/service.go:73.39,77.4 1 0
github.com/ct-logic-api-document/cmd/service.go:91.2,91.12 1 0
github.com/ct-logic-api-document/config/config.go:25.30,27.41 2 0
github.com/ct-logic-api-document/config/config.go:27.41,29.3 1 0
github.com/ct-logic-api-document/config/config.go:30.2,30.19 1 0
github.com/ct-logic-api-document/config/config.go:33.25,35.16 2 0
github.com/ct-logic-api-document/config/config.go:35.16,36.13 1 0
github.com/ct-logic-api-document/config/config.go:38.2,38.13 1 0
github.com/ct-logic-api-document/internal/controller/cronjob.go:20.38,32.9 7 0
github.com/ct-logic-api-document/internal/controller/cronjob.go:32.9,33.34 1 0
github.com/ct-logic-api-document/internal/controller/cronjob.go:35.2,36.31 2 0
github.com/ct-logic-api-document/internal/entity/input.go:12.52,13.22 1 0
github.com/ct-logic-api-document/internal/entity/input.go:13.22,15.3 1 0
github.com/ct-logic-api-document/internal/entity/input.go:16.2,16.44 1 0
github.com/ct-logic-api-document/internal/entity/input.go:16.44,18.3 1 0
github.com/ct-logic-api-document/internal/entity/input.go:19.2,19.13 1 0
github.com/ct-logic-api-document/internal/entity/request_structure.go:16.51,17.28 1 0
github.com/ct-logic-api-document/internal/entity/request_structure.go:17.28,19.3 1 0
github.com/ct-logic-api-document/internal/entity/request_structure.go:20.2,26.3 1 0
github.com/ct-logic-api-document/internal/entity/request_structure.go:29.50,30.25 1 0
github.com/ct-logic-api-document/internal/entity/request_structure.go:30.25,32.3 1 0
github.com/ct-logic-api-document/internal/entity/request_structure.go:33.2,34.41 2 0
github.com/ct-logic-api-document/internal/entity/request_structure.go:34.41,36.3 1 0
github.com/ct-logic-api-document/internal/entity/request_structure.go:37.2,37.19 1 0
github.com/ct-logic-api-document/internal/entity/response_structure.go:15.53,16.28 1 0
github.com/ct-logic-api-document/internal/entity/response_structure.go:16.28,18.3 1 0
github.com/ct-logic-api-document/internal/entity/response_structure.go:19.2,28.3 1 0
github.com/ct-logic-api-document/internal/entity/sample_request.go:26.42,35.2 1 0
github.com/ct-logic-api-document/internal/handler/handler.go:20.12,24.2 1 0
github.com/ct-logic-api-document/internal/handler/handler.go:31.3,40.35 5 0
github.com/ct-logic-api-document/internal/handler/handler.go:40.35,47.70 3 0
github.com/ct-logic-api-document/internal/handler/handler.go:47.70,49.5 1 0
github.com/ct-logic-api-document/internal/handler/load_structure.go:14.98,18.2 1 0
github.com/ct-logic-api-document/internal/handler/load_structure.go:20.75,22.2 1 0
github.com/ct-logic-api-document/internal/handler/load_structure.go:24.81,27.16 3 0
github.com/ct-logic-api-document/internal/handler/load_structure.go:27.16,29.3 1 0
github.com/ct-logic-api-document/internal/handler/load_structure.go:30.2,30.42 1 0
github.com/ct-logic-api-document/internal/repository/mongodb/api.go:33.58,38.2 2 0
github.com/ct-logic-api-document/internal/repository/mongodb/api.go:40.79,42.2 1 0
github.com/ct-logic-api-document/internal/repository/mongodb/api.go:44.93,49.2 2 0
github.com/ct-logic-api-document/internal/repository/mongodb/api.go:51.98,55.16 4 0
github.com/ct-logic-api-document/internal/repository/mongodb/api.go:55.16,57.3 1 0
github.com/ct-logic-api-document/internal/repository/mongodb/api.go:58.2,58.18 1 0
github.com/ct-logic-api-document/internal/repository/mongodb/api.go:61.71,64.2 2 0
github.com/ct-logic-api-document/internal/repository/mongodb/api.go:66.135,74.16 4 0
github.com/ct-logic-api-document/internal/repository/mongodb/api.go:74.16,76.3 1 0
github.com/ct-logic-api-document/internal/repository/mongodb/api.go:77.2,77.36 1 0
github.com/ct-logic-api-document/internal/repository/mongodb/api.go:77.36,80.3 2 0
github.com/ct-logic-api-document/internal/repository/mongodb/api.go:81.2,81.37 1 0
github.com/ct-logic-api-document/internal/repository/mongodb/api.go:81.37,84.3 2 0
github.com/ct-logic-api-document/internal/repository/mongodb/api.go:85.2,85.12 1 0
github.com/ct-logic-api-document/internal/repository/mongodb/api.go:88.94,90.16 2 0
github.com/ct-logic-api-document/internal/repository/mongodb/api.go:90.16,92.3 1 0
github.com/ct-logic-api-document/internal/repository/mongodb/api.go:93.2,96.27 2 0
github.com/ct-logic-api-document/internal/repository/mongodb/mongo.go:47.16,50.2 2 0
github.com/ct-logic-api-document/internal/repository/mongodb/mongo.go:52.77,57.22 5 0
github.com/ct-logic-api-document/internal/repository/mongodb/mongo.go:57.22,59.3 1 0
github.com/ct-logic-api-document/internal/repository/mongodb/mongo.go:60.2,61.16 2 0
github.com/ct-logic-api-document/internal/repository/mongodb/mongo.go:61.16,63.3 1 0
github.com/ct-logic-api-document/internal/repository/mongodb/mongo.go:64.2,67.16 4 0
github.com/ct-logic-api-document/internal/repository/mongodb/mongo.go:67.16,68.13 1 0
github.com/ct-logic-api-document/internal/repository/mongodb/mongo.go:70.2,83.3 2 0
github.com/ct-logic-api-document/internal/repository/mongodb/mongo.go:86.38,89.16 3 0
github.com/ct-logic-api-document/internal/repository/mongodb/mongo.go:89.16,90.13 1 0
github.com/ct-logic-api-document/internal/repository/mongodb/mongo.go:96.15,99.16 3 0
github.com/ct-logic-api-document/internal/repository/mongodb/mongo.go:99.16,102.3 2 0
github.com/ct-logic-api-document/internal/repository/mongodb/mongo.go:104.2,104.17 1 0
github.com/ct-logic-api-document/internal/repository/mongodb/mongo.go:109.15,114.16 4 0
github.com/ct-logic-api-document/internal/repository/mongodb/mongo.go:114.16,116.3 1 0
github.com/ct-logic-api-document/internal/repository/mongodb/mongo.go:118.2,120.52 2 0
github.com/ct-logic-api-document/internal/repository/mongodb/mongo.go:120.52,123.3 2 0
github.com/ct-logic-api-document/internal/repository/mongodb/mongo.go:125.2,127.16 3 0
github.com/ct-logic-api-document/internal/repository/mongodb/mongo.go:127.16,129.3 1 0
github.com/ct-logic-api-document/internal/repository/mongodb/mongo.go:131.2,132.21 2 0
github.com/ct-logic-api-document/internal/repository/mongodb/mongo.go:132.21,134.3 1 0
github.com/ct-logic-api-document/internal/repository/mongodb/mongo.go:135.2,135.22 1 0
github.com/ct-logic-api-document/internal/repository/mongodb/mongo.go:140.15,142.16 2 0
github.com/ct-logic-api-document/internal/repository/mongodb/mongo.go:142.16,144.3 1 0
github.com/ct-logic-api-document/internal/repository/mongodb/mongo.go:146.2,148.16 3 0
github.com/ct-logic-api-document/internal/repository/mongodb/mongo.go:148.16,150.3 1 0
github.com/ct-logic-api-document/internal/repository/mongodb/mongo.go:152.2,153.16 2 0
github.com/ct-logic-api-document/internal/repository/mongodb/mongo.go:153.16,156.3 2 0
github.com/ct-logic-api-document/internal/repository/mongodb/mongo.go:158.2,159.16 2 0
github.com/ct-logic-api-document/internal/repository/mongodb/mongo.go:159.16,162.3 2 0
github.com/ct-logic-api-document/internal/repository/mongodb/mongo.go:164.2,164.48 1 0
github.com/ct-logic-api-document/internal/repository/mongodb/mongo.go:169.15,176.42 5 0
github.com/ct-logic-api-document/internal/repository/mongodb/mongo.go:176.42,178.3 1 0
github.com/ct-logic-api-document/internal/repository/mongodb/mongo.go:180.2,180.16 1 0
github.com/ct-logic-api-document/internal/repository/mongodb/mongo.go:180.16,183.3 2 0
github.com/ct-logic-api-document/internal/repository/mongodb/mongo.go:185.2,186.51 2 0
github.com/ct-logic-api-document/internal/repository/mongodb/mongo.go:186.51,189.3 2 0
github.com/ct-logic-api-document/internal/repository/mongodb/mongo.go:191.2,192.16 2 0
github.com/ct-logic-api-document/internal/repository/mongodb/mongo.go:192.16,195.3 2 0
github.com/ct-logic-api-document/internal/repository/mongodb/mongo.go:196.2,196.43 1 0
github.com/ct-logic-api-document/internal/repository/mongodb/mongo.go:201.15,203.16 2 0
github.com/ct-logic-api-document/internal/repository/mongodb/mongo.go:203.16,205.3 1 0
github.com/ct-logic-api-document/internal/repository/mongodb/mongo.go:207.2,209.16 3 0
github.com/ct-logic-api-document/internal/repository/mongodb/mongo.go:209.16,211.3 1 0
github.com/ct-logic-api-document/internal/repository/mongodb/mongo.go:213.2,217.16 3 0
github.com/ct-logic-api-document/internal/repository/mongodb/mongo.go:217.16,220.3 2 0
github.com/ct-logic-api-document/internal/repository/mongodb/mongo.go:222.2,223.16 2 0
github.com/ct-logic-api-document/internal/repository/mongodb/mongo.go:223.16,226.3 2 0
github.com/ct-logic-api-document/internal/repository/mongodb/mongo.go:228.2,228.48 1 0
github.com/ct-logic-api-document/internal/repository/mongodb/mongo.go:233.15,235.16 2 0
github.com/ct-logic-api-document/internal/repository/mongodb/mongo.go:235.16,238.3 2 0
github.com/ct-logic-api-document/internal/repository/mongodb/mongo.go:240.2,240.20 1 0
github.com/ct-logic-api-document/internal/repository/mongodb/mongo.go:245.17,250.16 4 0
github.com/ct-logic-api-document/internal/repository/mongodb/mongo.go:250.16,253.3 2 0
github.com/ct-logic-api-document/internal/repository/mongodb/mongo.go:255.2,256.53 2 0
github.com/ct-logic-api-document/internal/repository/mongodb/mongo.go:256.53,259.3 2 0
github.com/ct-logic-api-document/internal/repository/mongodb/mongo.go:261.2,262.25 2 0
github.com/ct-logic-api-document/internal/repository/mongodb/request_structure.go:27.84,32.2 2 0
github.com/ct-logic-api-document/internal/repository/mongodb/request_structure.go:37.9,39.2 1 0
github.com/ct-logic-api-document/internal/repository/mongodb/request_structure.go:44.37,49.2 2 0
github.com/ct-logic-api-document/internal/repository/mongodb/request_structure.go:56.9,65.16 4 0
github.com/ct-logic-api-document/internal/repository/mongodb/request_structure.go:65.16,67.3 1 0
github.com/ct-logic-api-document/internal/repository/mongodb/request_structure.go:68.2,68.37 1 0
github.com/ct-logic-api-document/internal/repository/mongodb/request_structure.go:68.37,70.3 1 0
github.com/ct-logic-api-document/internal/repository/mongodb/request_structure.go:71.2,71.12 1 0
github.com/ct-logic-api-document/internal/repository/mongodb/response_structure.go:27.86,32.2 2 0
github.com/ct-logic-api-document/internal/repository/mongodb/response_structure.go:37.9,39.2 1 0
github.com/ct-logic-api-document/internal/repository/mongodb/response_structure.go:44.38,49.2 2 0
github.com/ct-logic-api-document/internal/repository/mongodb/response_structure.go:51.140,59.16 4 0
github.com/ct-logic-api-document/internal/repository/mongodb/response_structure.go:59.16,61.3 1 0
github.com/ct-logic-api-document/internal/repository/mongodb/response_structure.go:62.2,62.37 1 0
github.com/ct-logic-api-document/internal/repository/mongodb/response_structure.go:62.37,65.3 2 0
github.com/ct-logic-api-document/internal/repository/mongodb/response_structure.go:66.2,66.12 1 0
github.com/ct-logic-api-document/internal/repository/mongodb/sample_request.go:25.78,30.2 2 0
github.com/ct-logic-api-document/internal/repository/mongodb/sample_request.go:32.119,34.2 1 0
github.com/ct-logic-api-document/internal/repository/mongodb/sample_request.go:39.36,43.21 2 0
github.com/ct-logic-api-document/internal/repository/mongodb/sample_request.go:43.21,45.3 1 0
github.com/ct-logic-api-document/internal/repository/mongodb/sample_request.go:46.2,46.19 1 0
github.com/ct-logic-api-document/internal/repository/mongodb/sample_request.go:46.19,48.3 1 0
github.com/ct-logic-api-document/internal/repository/mongodb/sample_request.go:49.2,50.63 2 0
github.com/ct-logic-api-document/internal/repository/mongodb/sample_response.go:25.80,30.2 2 0
github.com/ct-logic-api-document/internal/repository/mongodb/sample_response.go:32.123,34.2 1 0
github.com/ct-logic-api-document/internal/repository/mongodb/sample_response.go:36.161,40.21 2 0
github.com/ct-logic-api-document/internal/repository/mongodb/sample_response.go:40.21,42.3 1 0
github.com/ct-logic-api-document/internal/repository/mongodb/sample_response.go:43.2,43.19 1 0
github.com/ct-logic-api-document/internal/repository/mongodb/sample_response.go:43.19,45.3 1 0
github.com/ct-logic-api-document/internal/repository/mongodb/sample_response.go:46.2,47.63 2 0
github.com/ct-logic-api-document/internal/repository/mongodb/type.go:20.60,25.2 2 0
github.com/ct-logic-api-document/internal/repository/mongodb/type.go:27.80,29.2 1 0
github.com/ct-logic-api-document/config/config.go:25.30,27.41 2 1
github.com/ct-logic-api-document/config/config.go:27.41,29.3 1 0
github.com/ct-logic-api-document/config/config.go:30.2,30.19 1 1
github.com/ct-logic-api-document/config/config.go:33.25,35.16 2 1
github.com/ct-logic-api-document/config/config.go:35.16,36.13 1 0
github.com/ct-logic-api-document/config/config.go:38.2,38.13 1 1
github.com/ct-logic-api-document/internal/entity/input.go:12.52,13.22 1 0
github.com/ct-logic-api-document/internal/entity/input.go:13.22,15.3 1 0
github.com/ct-logic-api-document/internal/entity/input.go:16.2,16.44 1 0
github.com/ct-logic-api-document/internal/entity/input.go:16.44,18.3 1 0
github.com/ct-logic-api-document/internal/entity/input.go:19.2,19.13 1 0
github.com/ct-logic-api-document/internal/entity/request_structure.go:16.51,17.28 1 0
github.com/ct-logic-api-document/internal/entity/request_structure.go:17.28,19.3 1 0
github.com/ct-logic-api-document/internal/entity/request_structure.go:20.2,26.3 1 0
github.com/ct-logic-api-document/internal/entity/request_structure.go:29.50,30.25 1 0
github.com/ct-logic-api-document/internal/entity/request_structure.go:30.25,32.3 1 0
github.com/ct-logic-api-document/internal/entity/request_structure.go:33.2,34.41 2 0
github.com/ct-logic-api-document/internal/entity/request_structure.go:34.41,36.3 1 0
github.com/ct-logic-api-document/internal/entity/request_structure.go:37.2,37.19 1 0
github.com/ct-logic-api-document/internal/entity/response_structure.go:15.53,16.28 1 0
github.com/ct-logic-api-document/internal/entity/response_structure.go:16.28,18.3 1 0
github.com/ct-logic-api-document/internal/entity/response_structure.go:19.2,28.3 1 0
github.com/ct-logic-api-document/internal/entity/sample_request.go:26.42,35.2 1 0
github.com/ct-logic-api-document/internal/repository/mongodb/api.go:33.58,38.2 2 1
github.com/ct-logic-api-document/internal/repository/mongodb/api.go:40.79,42.2 1 2
github.com/ct-logic-api-document/internal/repository/mongodb/api.go:44.93,49.2 2 3
github.com/ct-logic-api-document/internal/repository/mongodb/api.go:51.98,55.16 4 2
github.com/ct-logic-api-document/internal/repository/mongodb/api.go:55.16,57.3 1 0
github.com/ct-logic-api-document/internal/repository/mongodb/api.go:58.2,58.18 1 2
github.com/ct-logic-api-document/internal/repository/mongodb/api.go:61.71,64.2 2 0
github.com/ct-logic-api-document/internal/repository/mongodb/api.go:66.135,74.16 4 2
github.com/ct-logic-api-document/internal/repository/mongodb/api.go:74.16,76.3 1 0
github.com/ct-logic-api-document/internal/repository/mongodb/api.go:77.2,77.36 1 2
github.com/ct-logic-api-document/internal/repository/mongodb/api.go:77.36,80.3 2 0
github.com/ct-logic-api-document/internal/repository/mongodb/api.go:81.2,81.37 1 2
github.com/ct-logic-api-document/internal/repository/mongodb/api.go:81.37,84.3 2 0
github.com/ct-logic-api-document/internal/repository/mongodb/api.go:85.2,85.12 1 2
github.com/ct-logic-api-document/internal/repository/mongodb/api.go:88.94,90.16 2 0
github.com/ct-logic-api-document/internal/repository/mongodb/api.go:90.16,92.3 1 0
github.com/ct-logic-api-document/internal/repository/mongodb/api.go:93.2,96.27 2 0
github.com/ct-logic-api-document/internal/repository/mongodb/mongo.go:47.16,50.2 2 1
github.com/ct-logic-api-document/internal/repository/mongodb/mongo.go:52.77,57.22 5 1
github.com/ct-logic-api-document/internal/repository/mongodb/mongo.go:57.22,59.3 1 0
github.com/ct-logic-api-document/internal/repository/mongodb/mongo.go:60.2,61.16 2 1
github.com/ct-logic-api-document/internal/repository/mongodb/mongo.go:61.16,63.3 1 0
github.com/ct-logic-api-document/internal/repository/mongodb/mongo.go:64.2,67.16 4 1
github.com/ct-logic-api-document/internal/repository/mongodb/mongo.go:67.16,68.13 1 0
github.com/ct-logic-api-document/internal/repository/mongodb/mongo.go:70.2,83.3 2 1
github.com/ct-logic-api-document/internal/repository/mongodb/mongo.go:86.38,89.16 3 0
github.com/ct-logic-api-document/internal/repository/mongodb/mongo.go:89.16,90.13 1 0
github.com/ct-logic-api-document/internal/repository/mongodb/mongo.go:96.15,99.16 3 0
github.com/ct-logic-api-document/internal/repository/mongodb/mongo.go:99.16,102.3 2 0
github.com/ct-logic-api-document/internal/repository/mongodb/mongo.go:104.2,104.17 1 0
github.com/ct-logic-api-document/internal/repository/mongodb/mongo.go:109.15,114.16 4 0
github.com/ct-logic-api-document/internal/repository/mongodb/mongo.go:114.16,116.3 1 0
github.com/ct-logic-api-document/internal/repository/mongodb/mongo.go:118.2,120.52 2 0
github.com/ct-logic-api-document/internal/repository/mongodb/mongo.go:120.52,123.3 2 0
github.com/ct-logic-api-document/internal/repository/mongodb/mongo.go:125.2,127.16 3 0
github.com/ct-logic-api-document/internal/repository/mongodb/mongo.go:127.16,129.3 1 0
github.com/ct-logic-api-document/internal/repository/mongodb/mongo.go:131.2,132.21 2 0
github.com/ct-logic-api-document/internal/repository/mongodb/mongo.go:132.21,134.3 1 0
github.com/ct-logic-api-document/internal/repository/mongodb/mongo.go:135.2,135.22 1 0
github.com/ct-logic-api-document/internal/repository/mongodb/mongo.go:140.15,142.16 2 0
github.com/ct-logic-api-document/internal/repository/mongodb/mongo.go:142.16,144.3 1 0
github.com/ct-logic-api-document/internal/repository/mongodb/mongo.go:146.2,148.16 3 0
github.com/ct-logic-api-document/internal/repository/mongodb/mongo.go:148.16,150.3 1 0
github.com/ct-logic-api-document/internal/repository/mongodb/mongo.go:152.2,153.16 2 0
github.com/ct-logic-api-document/internal/repository/mongodb/mongo.go:153.16,156.3 2 0
github.com/ct-logic-api-document/internal/repository/mongodb/mongo.go:158.2,159.16 2 0
github.com/ct-logic-api-document/internal/repository/mongodb/mongo.go:159.16,162.3 2 0
github.com/ct-logic-api-document/internal/repository/mongodb/mongo.go:164.2,164.48 1 0
github.com/ct-logic-api-document/internal/repository/mongodb/mongo.go:169.15,176.42 5 0
github.com/ct-logic-api-document/internal/repository/mongodb/mongo.go:176.42,178.3 1 0
github.com/ct-logic-api-document/internal/repository/mongodb/mongo.go:180.2,180.16 1 0
github.com/ct-logic-api-document/internal/repository/mongodb/mongo.go:180.16,183.3 2 0
github.com/ct-logic-api-document/internal/repository/mongodb/mongo.go:185.2,186.51 2 0
github.com/ct-logic-api-document/internal/repository/mongodb/mongo.go:186.51,189.3 2 0
github.com/ct-logic-api-document/internal/repository/mongodb/mongo.go:191.2,192.16 2 0
github.com/ct-logic-api-document/internal/repository/mongodb/mongo.go:192.16,195.3 2 0
github.com/ct-logic-api-document/internal/repository/mongodb/mongo.go:196.2,196.43 1 0
github.com/ct-logic-api-document/internal/repository/mongodb/mongo.go:201.15,203.16 2 0
github.com/ct-logic-api-document/internal/repository/mongodb/mongo.go:203.16,205.3 1 0
github.com/ct-logic-api-document/internal/repository/mongodb/mongo.go:207.2,209.16 3 0
github.com/ct-logic-api-document/internal/repository/mongodb/mongo.go:209.16,211.3 1 0
github.com/ct-logic-api-document/internal/repository/mongodb/mongo.go:213.2,217.16 3 0
github.com/ct-logic-api-document/internal/repository/mongodb/mongo.go:217.16,220.3 2 0
github.com/ct-logic-api-document/internal/repository/mongodb/mongo.go:222.2,223.16 2 0
github.com/ct-logic-api-document/internal/repository/mongodb/mongo.go:223.16,226.3 2 0
github.com/ct-logic-api-document/internal/repository/mongodb/mongo.go:228.2,228.48 1 0
github.com/ct-logic-api-document/internal/repository/mongodb/mongo.go:233.15,235.16 2 0
github.com/ct-logic-api-document/internal/repository/mongodb/mongo.go:235.16,238.3 2 0
github.com/ct-logic-api-document/internal/repository/mongodb/mongo.go:240.2,240.20 1 0
github.com/ct-logic-api-document/internal/repository/mongodb/mongo.go:245.17,250.16 4 0
github.com/ct-logic-api-document/internal/repository/mongodb/mongo.go:250.16,253.3 2 0
github.com/ct-logic-api-document/internal/repository/mongodb/mongo.go:255.2,256.53 2 0
github.com/ct-logic-api-document/internal/repository/mongodb/mongo.go:256.53,259.3 2 0
github.com/ct-logic-api-document/internal/repository/mongodb/mongo.go:261.2,262.25 2 0
github.com/ct-logic-api-document/internal/repository/mongodb/request_structure.go:27.84,32.2 2 1
github.com/ct-logic-api-document/internal/repository/mongodb/request_structure.go:37.9,39.2 1 2
github.com/ct-logic-api-document/internal/repository/mongodb/request_structure.go:44.37,49.2 2 2
github.com/ct-logic-api-document/internal/repository/mongodb/request_structure.go:56.9,65.16 4 0
github.com/ct-logic-api-document/internal/repository/mongodb/request_structure.go:65.16,67.3 1 0
github.com/ct-logic-api-document/internal/repository/mongodb/request_structure.go:68.2,68.37 1 0
github.com/ct-logic-api-document/internal/repository/mongodb/request_structure.go:68.37,70.3 1 0
github.com/ct-logic-api-document/internal/repository/mongodb/request_structure.go:71.2,71.12 1 0
github.com/ct-logic-api-document/internal/repository/mongodb/response_structure.go:27.86,32.2 2 1
github.com/ct-logic-api-document/internal/repository/mongodb/response_structure.go:37.9,39.2 1 2
github.com/ct-logic-api-document/internal/repository/mongodb/response_structure.go:44.38,49.2 2 2
github.com/ct-logic-api-document/internal/repository/mongodb/response_structure.go:51.140,59.16 4 0
github.com/ct-logic-api-document/internal/repository/mongodb/response_structure.go:59.16,61.3 1 0
github.com/ct-logic-api-document/internal/repository/mongodb/response_structure.go:62.2,62.37 1 0
github.com/ct-logic-api-document/internal/repository/mongodb/response_structure.go:62.37,65.3 2 0
github.com/ct-logic-api-document/internal/repository/mongodb/response_structure.go:66.2,66.12 1 0
github.com/ct-logic-api-document/internal/repository/mongodb/sample_request.go:25.78,30.2 2 1
github.com/ct-logic-api-document/internal/repository/mongodb/sample_request.go:32.119,34.2 1 3
github.com/ct-logic-api-document/internal/repository/mongodb/sample_request.go:39.36,43.21 2 6
github.com/ct-logic-api-document/internal/repository/mongodb/sample_request.go:43.21,45.3 1 0
github.com/ct-logic-api-document/internal/repository/mongodb/sample_request.go:46.2,46.19 1 6
github.com/ct-logic-api-document/internal/repository/mongodb/sample_request.go:46.19,48.3 1 0
github.com/ct-logic-api-document/internal/repository/mongodb/sample_request.go:49.2,50.63 2 6
github.com/ct-logic-api-document/internal/repository/mongodb/sample_response.go:25.80,30.2 2 1
github.com/ct-logic-api-document/internal/repository/mongodb/sample_response.go:32.123,34.2 1 3
github.com/ct-logic-api-document/internal/repository/mongodb/sample_response.go:36.161,40.21 2 6
github.com/ct-logic-api-document/internal/repository/mongodb/sample_response.go:40.21,42.3 1 0
github.com/ct-logic-api-document/internal/repository/mongodb/sample_response.go:43.2,43.19 1 6
github.com/ct-logic-api-document/internal/repository/mongodb/sample_response.go:43.19,45.3 1 0
github.com/ct-logic-api-document/internal/repository/mongodb/sample_response.go:46.2,47.63 2 6
github.com/ct-logic-api-document/internal/repository/mongodb/type.go:20.60,25.2 2 1
github.com/ct-logic-api-document/internal/repository/mongodb/type.go:27.80,29.2 1 0
github.com/ct-logic-api-document/internal/usecase/build_structure/build_structure.go:35.21,40.2 1 1
github.com/ct-logic-api-document/internal/usecase/build_structure/build_structure.go:42.70,44.15 2 1
github.com/ct-logic-api-document/internal/usecase/build_structure/build_structure.go:44.15,46.3 1 1
github.com/ct-logic-api-document/internal/usecase/build_structure/build_structure.go:47.2,48.6 2 1
github.com/ct-logic-api-document/internal/usecase/build_structure/build_structure.go:48.6,50.17 2 2
github.com/ct-logic-api-document/internal/usecase/build_structure/build_structure.go:50.17,52.4 1 0
github.com/ct-logic-api-document/internal/usecase/build_structure/build_structure.go:53.3,53.21 1 2
github.com/ct-logic-api-document/internal/usecase/build_structure/build_structure.go:53.21,54.9 1 1
github.com/ct-logic-api-document/internal/usecase/build_structure/build_structure.go:56.3,56.28 1 1
github.com/ct-logic-api-document/internal/usecase/build_structure/build_structure.go:56.28,58.26 2 2
github.com/ct-logic-api-document/internal/usecase/build_structure/build_structure.go:58.26,60.5 1 2
github.com/ct-logic-api-document/internal/usecase/build_structure/build_structure.go:62.3,62.25 1 1
github.com/ct-logic-api-document/internal/usecase/build_structure/build_structure.go:64.2,64.36 1 1
github.com/ct-logic-api-document/internal/usecase/build_structure/build_structure.go:64.36,66.3 1 0
github.com/ct-logic-api-document/internal/usecase/build_structure/build_structure.go:67.2,67.12 1 1
github.com/ct-logic-api-document/internal/usecase/build_structure/build_structure.go:70.89,71.35 1 2
github.com/ct-logic-api-document/internal/usecase/build_structure/build_structure.go:71.35,73.3 1 0
github.com/ct-logic-api-document/internal/usecase/build_structure/build_structure.go:74.2,76.58 2 2
github.com/ct-logic-api-document/internal/usecase/build_structure/build_structure.go:76.58,78.3 1 0
github.com/ct-logic-api-document/internal/usecase/build_structure/build_structure.go:80.2,80.59 1 2
github.com/ct-logic-api-document/internal/usecase/build_structure/build_structure.go:80.59,82.3 1 0
github.com/ct-logic-api-document/internal/usecase/build_structure/build_structure.go:84.2,85.80 2 2
github.com/ct-logic-api-document/internal/usecase/build_structure/build_structure.go:85.80,87.3 1 0
github.com/ct-logic-api-document/internal/usecase/build_structure/build_structure.go:88.2,88.12 1 2
github.com/ct-logic-api-document/internal/usecase/build_structure/build_structure.go:91.94,100.16 4 2
github.com/ct-logic-api-document/internal/usecase/build_structure/build_structure.go:100.16,102.3 1 0
github.com/ct-logic-api-document/internal/usecase/build_structure/build_structure.go:103.2,103.30 1 2
github.com/ct-logic-api-document/internal/usecase/build_structure/build_structure.go:103.30,106.3 2 0
github.com/ct-logic-api-document/internal/usecase/build_structure/build_structure.go:108.2,108.102 1 2
github.com/ct-logic-api-document/internal/usecase/build_structure/build_structure.go:108.102,111.3 2 0
github.com/ct-logic-api-document/internal/usecase/build_structure/build_structure.go:113.2,113.57 1 2
github.com/ct-logic-api-document/internal/usecase/build_structure/build_structure.go:116.95,125.16 4 2
github.com/ct-logic-api-document/internal/usecase/build_structure/build_structure.go:125.16,127.3 1 0
github.com/ct-logic-api-document/internal/usecase/build_structure/build_structure.go:128.2,128.31 1 2
github.com/ct-logic-api-document/internal/usecase/build_structure/build_structure.go:128.31,131.3 2 0
github.com/ct-logic-api-document/internal/usecase/build_structure/build_structure.go:132.2,132.103 1 2
github.com/ct-logic-api-document/internal/usecase/build_structure/build_structure.go:132.103,135.3 2 0
github.com/ct-logic-api-document/internal/usecase/build_structure/build_structure.go:137.2,137.59 1 2
github.com/ct-logic-api-document/internal/usecase/build_structure/build_structure.go:140.109,144.16 3 2
github.com/ct-logic-api-document/internal/usecase/build_structure/build_structure.go:144.16,146.3 1 0
github.com/ct-logic-api-document/internal/usecase/build_structure/build_structure.go:148.2,149.69 2 2
github.com/ct-logic-api-document/internal/usecase/build_structure/build_structure.go:149.69,150.57 1 0
github.com/ct-logic-api-document/internal/usecase/build_structure/build_structure.go:150.57,157.4 1 0
github.com/ct-logic-api-document/internal/usecase/build_structure/build_structure.go:160.2,161.67 2 2
github.com/ct-logic-api-document/internal/usecase/build_structure/build_structure.go:161.67,163.3 1 0
github.com/ct-logic-api-document/internal/usecase/build_structure/build_structure.go:165.2,166.6 2 2
github.com/ct-logic-api-document/internal/usecase/build_structure/build_structure.go:166.6,172.38 2 4
github.com/ct-logic-api-document/internal/usecase/build_structure/build_structure.go:172.38,174.4 1 0
github.com/ct-logic-api-document/internal/usecase/build_structure/build_structure.go:175.3,176.17 2 4
github.com/ct-logic-api-document/internal/usecase/build_structure/build_structure.go:176.17,178.4 1 0
github.com/ct-logic-api-document/internal/usecase/build_structure/build_structure.go:179.3,179.31 1 4
github.com/ct-logic-api-document/internal/usecase/build_structure/build_structure.go:179.31,180.9 1 2
github.com/ct-logic-api-document/internal/usecase/build_structure/build_structure.go:182.3,182.48 1 2
github.com/ct-logic-api-document/internal/usecase/build_structure/build_structure.go:182.48,184.41 1 3
github.com/ct-logic-api-document/internal/usecase/build_structure/build_structure.go:184.41,185.56 1 3
github.com/ct-logic-api-document/internal/usecase/build_structure/build_structure.go:185.56,186.72 1 3
github.com/ct-logic-api-document/internal/usecase/build_structure/build_structure.go:186.72,193.7 1 2
github.com/ct-logic-api-document/internal/usecase/build_structure/build_structure.go:193.12,194.50 1 1
github.com/ct-logic-api-document/internal/usecase/build_structure/build_structure.go:194.50,196.8 1 0
github.com/ct-logic-api-document/internal/usecase/build_structure/build_structure.go:201.4,201.32 1 3
github.com/ct-logic-api-document/internal/usecase/build_structure/build_structure.go:201.32,203.77 2 2
github.com/ct-logic-api-document/internal/usecase/build_structure/build_structure.go:203.77,205.77 2 0
github.com/ct-logic-api-document/internal/usecase/build_structure/build_structure.go:205.77,207.7 1 0
github.com/ct-logic-api-document/internal/usecase/build_structure/build_structure.go:209.5,210.73 2 2
github.com/ct-logic-api-document/internal/usecase/build_structure/build_structure.go:213.3,213.15 1 2
github.com/ct-logic-api-document/internal/usecase/build_structure/build_structure.go:216.2,217.46 2 2
github.com/ct-logic-api-document/internal/usecase/build_structure/build_structure.go:217.46,219.3 1 2
github.com/ct-logic-api-document/internal/usecase/build_structure/build_structure.go:220.2,220.29 1 2
github.com/ct-logic-api-document/internal/usecase/build_structure/build_structure.go:220.29,227.3 2 2
github.com/ct-logic-api-document/internal/usecase/build_structure/build_structure.go:228.2,228.110 1 0
github.com/ct-logic-api-document/internal/usecase/build_structure/build_structure.go:231.111,235.16 3 2
github.com/ct-logic-api-document/internal/usecase/build_structure/build_structure.go:235.16,237.3 1 0
github.com/ct-logic-api-document/internal/usecase/build_structure/build_structure.go:239.2,240.69 2 2
github.com/ct-logic-api-document/internal/usecase/build_structure/build_structure.go:240.69,242.3 1 0
github.com/ct-logic-api-document/internal/usecase/build_structure/build_structure.go:244.2,245.6 2 2
github.com/ct-logic-api-document/internal/usecase/build_structure/build_structure.go:245.6,251.38 2 4
github.com/ct-logic-api-document/internal/usecase/build_structure/build_structure.go:251.38,253.4 1 0
github.com/ct-logic-api-document/internal/usecase/build_structure/build_structure.go:254.3,255.17 2 4
github.com/ct-logic-api-document/internal/usecase/build_structure/build_structure.go:255.17,257.4 1 0
github.com/ct-logic-api-document/internal/usecase/build_structure/build_structure.go:258.3,258.32 1 4
github.com/ct-logic-api-document/internal/usecase/build_structure/build_structure.go:258.32,259.9 1 2
github.com/ct-logic-api-document/internal/usecase/build_structure/build_structure.go:261.3,261.50 1 2
github.com/ct-logic-api-document/internal/usecase/build_structure/build_structure.go:261.50,263.33 1 3
github.com/ct-logic-api-document/internal/usecase/build_structure/build_structure.go:263.33,265.78 2 3
github.com/ct-logic-api-document/internal/usecase/build_structure/build_structure.go:265.78,267.78 2 0
github.com/ct-logic-api-document/internal/usecase/build_structure/build_structure.go:267.78,269.7 1 0
github.com/ct-logic-api-document/internal/usecase/build_structure/build_structure.go:271.5,272.73 2 3
github.com/ct-logic-api-document/internal/usecase/build_structure/build_structure.go:275.3,275.15 1 2
github.com/ct-logic-api-document/internal/usecase/build_structure/build_structure.go:278.2,278.30 1 2
github.com/ct-logic-api-document/internal/usecase/build_structure/build_structure.go:278.30,284.3 2 2
github.com/ct-logic-api-document/internal/usecase/build_structure/build_structure.go:285.2,285.88 1 0
github.com/ct-logic-api-document/internal/usecase/build_structure/build_structure_helper.go:3.60,11.27 6 132
github.com/ct-logic-api-document/internal/usecase/build_structure/build_structure_helper.go:11.27,13.25 2 121
github.com/ct-logic-api-document/internal/usecase/build_structure/build_structure_helper.go:13.25,14.31 1 121
github.com/ct-logic-api-document/internal/usecase/build_structure/build_structure_helper.go:14.31,15.56 1 107
github.com/ct-logic-api-document/internal/usecase/build_structure/build_structure_helper.go:15.56,17.47 2 107
github.com/ct-logic-api-document/internal/usecase/build_structure/build_structure_helper.go:17.47,19.15 2 105
github.com/ct-logic-api-document/internal/usecase/build_structure/build_structure_helper.go:23.9,23.30 1 0
github.com/ct-logic-api-document/internal/usecase/build_structure/build_structure_helper.go:23.30,24.12 1 0
github.com/ct-logic-api-document/internal/usecase/build_structure/build_structure_helper.go:26.3,26.21 1 16
github.com/ct-logic-api-document/internal/usecase/build_structure/build_structure_helper.go:28.2,28.27 1 132
github.com/ct-logic-api-document/internal/usecase/build_structure/build_structure_helper.go:28.27,29.49 1 146
github.com/ct-logic-api-document/internal/usecase/build_structure/build_structure_helper.go:29.49,31.24 2 146
github.com/ct-logic-api-document/internal/usecase/build_structure/build_structure_helper.go:31.24,33.5 1 145
github.com/ct-logic-api-document/internal/usecase/build_structure/build_structure_helper.go:34.4,34.12 1 146
github.com/ct-logic-api-document/internal/usecase/build_structure/build_structure_helper.go:36.3,36.21 1 0
github.com/ct-logic-api-document/internal/usecase/build_structure/build_structure_helper.go:38.2,39.15 2 132
github.com/ct-logic-api-document/internal/usecase/build_structure/build_structure_helper.go:42.56,43.20 1 9
github.com/ct-logic-api-document/internal/usecase/build_structure/build_structure_helper.go:43.20,45.3 1 1
github.com/ct-logic-api-document/internal/usecase/build_structure/build_structure_helper.go:46.2,47.29 2 8
github.com/ct-logic-api-document/internal/usecase/build_structure/build_structure_helper.go:47.29,49.3 1 0
github.com/ct-logic-api-document/internal/usecase/build_structure/build_structure_helper.go:49.8,49.38 1 8
github.com/ct-logic-api-document/internal/usecase/build_structure/build_structure_helper.go:49.38,51.34 2 7
github.com/ct-logic-api-document/internal/usecase/build_structure/build_structure_helper.go:51.34,53.4 1 17
github.com/ct-logic-api-document/internal/usecase/build_structure/build_structure_helper.go:54.3,57.4 1 7
github.com/ct-logic-api-document/internal/usecase/build_structure/build_structure_helper.go:58.8,63.3 1 1
github.com/ct-logic-api-document/internal/usecase/build_structure/build_structure_helper.go:66.57,72.31 3 61
github.com/ct-logic-api-document/internal/usecase/build_structure/build_structure_helper.go:72.31,74.28 2 205
github.com/ct-logic-api-document/internal/usecase/build_structure/build_structure_helper.go:74.28,75.12 1 11
github.com/ct-logic-api-document/internal/usecase/build_structure/build_structure_helper.go:77.3,77.30 1 194
github.com/ct-logic-api-document/internal/usecase/build_structure/build_structure_helper.go:77.30,78.89 1 28
github.com/ct-logic-api-document/internal/usecase/build_structure/build_structure_helper.go:78.89,80.5 1 28
github.com/ct-logic-api-document/internal/usecase/build_structure/build_structure_helper.go:81.9,81.36 1 166
github.com/ct-logic-api-document/internal/usecase/build_structure/build_structure_helper.go:81.36,83.31 1 9
github.com/ct-logic-api-document/internal/usecase/build_structure/build_structure_helper.go:83.31,84.13 1 2
github.com/ct-logic-api-document/internal/usecase/build_structure/build_structure_helper.go:86.4,87.33 2 7
github.com/ct-logic-api-document/internal/usecase/build_structure/build_structure_helper.go:87.33,88.101 1 6
github.com/ct-logic-api-document/internal/usecase/build_structure/build_structure_helper.go:88.101,90.6 1 6
github.com/ct-logic-api-document/internal/usecase/build_structure/build_structure_helper.go:91.10,91.38 1 1
github.com/ct-logic-api-document/internal/usecase/build_structure/build_structure_helper.go:91.38,92.13 1 0
github.com/ct-logic-api-document/internal/usecase/build_structure/build_structure_helper.go:93.10,98.5 1 1
github.com/ct-logic-api-document/internal/usecase/build_structure/build_structure_helper.go:99.9,103.4 1 157
github.com/ct-logic-api-document/internal/usecase/build_structure/build_structure_helper.go:105.2,105.15 1 61
github.com/ct-logic-api-document/internal/usecase/build_structure/build_structure_helper.go:108.34,109.22 1 487
github.com/ct-logic-api-document/internal/usecase/build_structure/build_structure_helper.go:110.14,111.18 1 71
github.com/ct-logic-api-document/internal/usecase/build_structure/build_structure_helper.go:112.15,113.18 1 88
github.com/ct-logic-api-document/internal/usecase/build_structure/build_structure_helper.go:114.11,115.19 1 0
github.com/ct-logic-api-document/internal/usecase/build_structure/build_structure_helper.go:116.12,117.19 1 0
github.com/ct-logic-api-document/internal/usecase/build_structure/build_structure_helper.go:118.22,119.18 1 308
github.com/ct-logic-api-document/internal/usecase/build_structure/build_structure_helper.go:120.13,121.17 1 9
github.com/ct-logic-api-document/internal/usecase/build_structure/build_structure_helper.go:122.10,123.16 1 11
github.com/ct-logic-api-document/config/config.go:25.30,27.41 2 1
github.com/ct-logic-api-document/config/config.go:27.41,29.3 1 0
github.com/ct-logic-api-document/config/config.go:30.2,30.19 1 1
github.com/ct-logic-api-document/config/config.go:33.25,35.16 2 1
github.com/ct-logic-api-document/config/config.go:35.16,36.13 1 0
github.com/ct-logic-api-document/config/config.go:38.2,38.13 1 1
github.com/ct-logic-api-document/internal/entity/input.go:12.52,13.22 1 0
github.com/ct-logic-api-document/internal/entity/input.go:13.22,15.3 1 0
github.com/ct-logic-api-document/internal/entity/input.go:16.2,16.44 1 0
github.com/ct-logic-api-document/internal/entity/input.go:16.44,18.3 1 0
github.com/ct-logic-api-document/internal/entity/input.go:19.2,19.13 1 0
github.com/ct-logic-api-document/internal/entity/request_structure.go:16.51,17.28 1 0
github.com/ct-logic-api-document/internal/entity/request_structure.go:17.28,19.3 1 0
github.com/ct-logic-api-document/internal/entity/request_structure.go:20.2,26.3 1 0
github.com/ct-logic-api-document/internal/entity/request_structure.go:29.50,30.25 1 0
github.com/ct-logic-api-document/internal/entity/request_structure.go:30.25,32.3 1 0
github.com/ct-logic-api-document/internal/entity/request_structure.go:33.2,34.41 2 0
github.com/ct-logic-api-document/internal/entity/request_structure.go:34.41,36.3 1 0
github.com/ct-logic-api-document/internal/entity/request_structure.go:37.2,37.19 1 0
github.com/ct-logic-api-document/internal/entity/response_structure.go:15.53,16.28 1 0
github.com/ct-logic-api-document/internal/entity/response_structure.go:16.28,18.3 1 0
github.com/ct-logic-api-document/internal/entity/response_structure.go:19.2,28.3 1 0
github.com/ct-logic-api-document/internal/entity/sample_request.go:26.42,35.2 1 0
github.com/ct-logic-api-document/internal/repository/mongodb/api.go:33.58,38.2 2 1
github.com/ct-logic-api-document/internal/repository/mongodb/api.go:40.79,42.2 1 1
github.com/ct-logic-api-document/internal/repository/mongodb/api.go:44.93,49.2 2 1
github.com/ct-logic-api-document/internal/repository/mongodb/api.go:51.98,55.16 4 0
github.com/ct-logic-api-document/internal/repository/mongodb/api.go:55.16,57.3 1 0
github.com/ct-logic-api-document/internal/repository/mongodb/api.go:58.2,58.18 1 0
github.com/ct-logic-api-document/internal/repository/mongodb/api.go:61.71,64.2 2 0
github.com/ct-logic-api-document/internal/repository/mongodb/api.go:66.135,74.16 4 0
github.com/ct-logic-api-document/internal/repository/mongodb/api.go:74.16,76.3 1 0
github.com/ct-logic-api-document/internal/repository/mongodb/api.go:77.2,77.36 1 0
github.com/ct-logic-api-document/internal/repository/mongodb/api.go:77.36,80.3 2 0
github.com/ct-logic-api-document/internal/repository/mongodb/api.go:81.2,81.37 1 0
github.com/ct-logic-api-document/internal/repository/mongodb/api.go:81.37,84.3 2 0
github.com/ct-logic-api-document/internal/repository/mongodb/api.go:85.2,85.12 1 0
github.com/ct-logic-api-document/internal/repository/mongodb/api.go:88.94,90.16 2 0
github.com/ct-logic-api-document/internal/repository/mongodb/api.go:90.16,92.3 1 0
github.com/ct-logic-api-document/internal/repository/mongodb/api.go:93.2,96.27 2 0
github.com/ct-logic-api-document/internal/repository/mongodb/mongo.go:47.16,50.2 2 1
github.com/ct-logic-api-document/internal/repository/mongodb/mongo.go:52.77,57.22 5 1
github.com/ct-logic-api-document/internal/repository/mongodb/mongo.go:57.22,59.3 1 0
github.com/ct-logic-api-document/internal/repository/mongodb/mongo.go:60.2,61.16 2 1
github.com/ct-logic-api-document/internal/repository/mongodb/mongo.go:61.16,63.3 1 0
github.com/ct-logic-api-document/internal/repository/mongodb/mongo.go:64.2,67.16 4 1
github.com/ct-logic-api-document/internal/repository/mongodb/mongo.go:67.16,68.13 1 0
github.com/ct-logic-api-document/internal/repository/mongodb/mongo.go:70.2,83.3 2 1
github.com/ct-logic-api-document/internal/repository/mongodb/mongo.go:86.38,89.16 3 0
github.com/ct-logic-api-document/internal/repository/mongodb/mongo.go:89.16,90.13 1 0
github.com/ct-logic-api-document/internal/repository/mongodb/mongo.go:96.15,99.16 3 0
github.com/ct-logic-api-document/internal/repository/mongodb/mongo.go:99.16,102.3 2 0
github.com/ct-logic-api-document/internal/repository/mongodb/mongo.go:104.2,104.17 1 0
github.com/ct-logic-api-document/internal/repository/mongodb/mongo.go:109.15,114.16 4 0
github.com/ct-logic-api-document/internal/repository/mongodb/mongo.go:114.16,116.3 1 0
github.com/ct-logic-api-document/internal/repository/mongodb/mongo.go:118.2,120.52 2 0
github.com/ct-logic-api-document/internal/repository/mongodb/mongo.go:120.52,123.3 2 0
github.com/ct-logic-api-document/internal/repository/mongodb/mongo.go:125.2,127.16 3 0
github.com/ct-logic-api-document/internal/repository/mongodb/mongo.go:127.16,129.3 1 0
github.com/ct-logic-api-document/internal/repository/mongodb/mongo.go:131.2,132.21 2 0
github.com/ct-logic-api-document/internal/repository/mongodb/mongo.go:132.21,134.3 1 0
github.com/ct-logic-api-document/internal/repository/mongodb/mongo.go:135.2,135.22 1 0
github.com/ct-logic-api-document/internal/repository/mongodb/mongo.go:140.15,142.16 2 0
github.com/ct-logic-api-document/internal/repository/mongodb/mongo.go:142.16,144.3 1 0
github.com/ct-logic-api-document/internal/repository/mongodb/mongo.go:146.2,148.16 3 0
github.com/ct-logic-api-document/internal/repository/mongodb/mongo.go:148.16,150.3 1 0
github.com/ct-logic-api-document/internal/repository/mongodb/mongo.go:152.2,153.16 2 0
github.com/ct-logic-api-document/internal/repository/mongodb/mongo.go:153.16,156.3 2 0
github.com/ct-logic-api-document/internal/repository/mongodb/mongo.go:158.2,159.16 2 0
github.com/ct-logic-api-document/internal/repository/mongodb/mongo.go:159.16,162.3 2 0
github.com/ct-logic-api-document/internal/repository/mongodb/mongo.go:164.2,164.48 1 0
github.com/ct-logic-api-document/internal/repository/mongodb/mongo.go:169.15,176.42 5 0
github.com/ct-logic-api-document/internal/repository/mongodb/mongo.go:176.42,178.3 1 0
github.com/ct-logic-api-document/internal/repository/mongodb/mongo.go:180.2,180.16 1 0
github.com/ct-logic-api-document/internal/repository/mongodb/mongo.go:180.16,183.3 2 0
github.com/ct-logic-api-document/internal/repository/mongodb/mongo.go:185.2,186.51 2 0
github.com/ct-logic-api-document/internal/repository/mongodb/mongo.go:186.51,189.3 2 0
github.com/ct-logic-api-document/internal/repository/mongodb/mongo.go:191.2,192.16 2 0
github.com/ct-logic-api-document/internal/repository/mongodb/mongo.go:192.16,195.3 2 0
github.com/ct-logic-api-document/internal/repository/mongodb/mongo.go:196.2,196.43 1 0
github.com/ct-logic-api-document/internal/repository/mongodb/mongo.go:201.15,203.16 2 0
github.com/ct-logic-api-document/internal/repository/mongodb/mongo.go:203.16,205.3 1 0
github.com/ct-logic-api-document/internal/repository/mongodb/mongo.go:207.2,209.16 3 0
github.com/ct-logic-api-document/internal/repository/mongodb/mongo.go:209.16,211.3 1 0
github.com/ct-logic-api-document/internal/repository/mongodb/mongo.go:213.2,217.16 3 0
github.com/ct-logic-api-document/internal/repository/mongodb/mongo.go:217.16,220.3 2 0
github.com/ct-logic-api-document/internal/repository/mongodb/mongo.go:222.2,223.16 2 0
github.com/ct-logic-api-document/internal/repository/mongodb/mongo.go:223.16,226.3 2 0
github.com/ct-logic-api-document/internal/repository/mongodb/mongo.go:228.2,228.48 1 0
github.com/ct-logic-api-document/internal/repository/mongodb/mongo.go:233.15,235.16 2 0
github.com/ct-logic-api-document/internal/repository/mongodb/mongo.go:235.16,238.3 2 0
github.com/ct-logic-api-document/internal/repository/mongodb/mongo.go:240.2,240.20 1 0
github.com/ct-logic-api-document/internal/repository/mongodb/mongo.go:245.17,250.16 4 0
github.com/ct-logic-api-document/internal/repository/mongodb/mongo.go:250.16,253.3 2 0
github.com/ct-logic-api-document/internal/repository/mongodb/mongo.go:255.2,256.53 2 0
github.com/ct-logic-api-document/internal/repository/mongodb/mongo.go:256.53,259.3 2 0
github.com/ct-logic-api-document/internal/repository/mongodb/mongo.go:261.2,262.25 2 0
github.com/ct-logic-api-document/internal/repository/mongodb/request_structure.go:27.84,32.2 2 1
github.com/ct-logic-api-document/internal/repository/mongodb/request_structure.go:37.9,39.2 1 0
github.com/ct-logic-api-document/internal/repository/mongodb/request_structure.go:44.37,49.2 2 0
github.com/ct-logic-api-document/internal/repository/mongodb/request_structure.go:56.9,65.16 4 0
github.com/ct-logic-api-document/internal/repository/mongodb/request_structure.go:65.16,67.3 1 0
github.com/ct-logic-api-document/internal/repository/mongodb/request_structure.go:68.2,68.37 1 0
github.com/ct-logic-api-document/internal/repository/mongodb/request_structure.go:68.37,70.3 1 0
github.com/ct-logic-api-document/internal/repository/mongodb/request_structure.go:71.2,71.12 1 0
github.com/ct-logic-api-document/internal/repository/mongodb/response_structure.go:27.86,32.2 2 1
github.com/ct-logic-api-document/internal/repository/mongodb/response_structure.go:37.9,39.2 1 0
github.com/ct-logic-api-document/internal/repository/mongodb/response_structure.go:44.38,49.2 2 0
github.com/ct-logic-api-document/internal/repository/mongodb/response_structure.go:51.140,59.16 4 0
github.com/ct-logic-api-document/internal/repository/mongodb/response_structure.go:59.16,61.3 1 0
github.com/ct-logic-api-document/internal/repository/mongodb/response_structure.go:62.2,62.37 1 0
github.com/ct-logic-api-document/internal/repository/mongodb/response_structure.go:62.37,65.3 2 0
github.com/ct-logic-api-document/internal/repository/mongodb/response_structure.go:66.2,66.12 1 0
github.com/ct-logic-api-document/internal/repository/mongodb/sample_request.go:25.78,30.2 2 1
github.com/ct-logic-api-document/internal/repository/mongodb/sample_request.go:32.119,34.2 1 1
github.com/ct-logic-api-document/internal/repository/mongodb/sample_request.go:39.36,43.21 2 0
github.com/ct-logic-api-document/internal/repository/mongodb/sample_request.go:43.21,45.3 1 0
github.com/ct-logic-api-document/internal/repository/mongodb/sample_request.go:46.2,46.19 1 0
github.com/ct-logic-api-document/internal/repository/mongodb/sample_request.go:46.19,48.3 1 0
github.com/ct-logic-api-document/internal/repository/mongodb/sample_request.go:49.2,50.63 2 0
github.com/ct-logic-api-document/internal/repository/mongodb/sample_response.go:25.80,30.2 2 1
github.com/ct-logic-api-document/internal/repository/mongodb/sample_response.go:32.123,34.2 1 1
github.com/ct-logic-api-document/internal/repository/mongodb/sample_response.go:36.161,40.21 2 0
github.com/ct-logic-api-document/internal/repository/mongodb/sample_response.go:40.21,42.3 1 0
github.com/ct-logic-api-document/internal/repository/mongodb/sample_response.go:43.2,43.19 1 0
github.com/ct-logic-api-document/internal/repository/mongodb/sample_response.go:43.19,45.3 1 0
github.com/ct-logic-api-document/internal/repository/mongodb/sample_response.go:46.2,47.63 2 0
github.com/ct-logic-api-document/internal/repository/mongodb/type.go:20.60,25.2 2 1
github.com/ct-logic-api-document/internal/repository/mongodb/type.go:27.80,29.2 1 0
github.com/ct-logic-api-document/internal/usecase/fetch_data/fetch_data.go:37.26,39.3 1 0
github.com/ct-logic-api-document/internal/usecase/fetch_data/fetch_data.go:57.16,62.2 1 1
github.com/ct-logic-api-document/internal/usecase/fetch_data/fetch_data.go:64.67,67.16 2 0
github.com/ct-logic-api-document/internal/usecase/fetch_data/fetch_data.go:67.16,70.3 2 0
github.com/ct-logic-api-document/internal/usecase/fetch_data/fetch_data.go:71.2,75.16 4 0
github.com/ct-logic-api-document/internal/usecase/fetch_data/fetch_data.go:75.16,78.3 2 0
github.com/ct-logic-api-document/internal/usecase/fetch_data/fetch_data.go:79.2,84.16 5 0
github.com/ct-logic-api-document/internal/usecase/fetch_data/fetch_data.go:84.16,87.3 2 0
github.com/ct-logic-api-document/internal/usecase/fetch_data/fetch_data.go:88.2,88.20 1 0
github.com/ct-logic-api-document/internal/usecase/fetch_data/fetch_data.go:88.20,91.3 2 0
github.com/ct-logic-api-document/internal/usecase/fetch_data/fetch_data.go:92.2,93.16 2 0
github.com/ct-logic-api-document/internal/usecase/fetch_data/fetch_data.go:93.16,96.3 2 0
github.com/ct-logic-api-document/internal/usecase/fetch_data/fetch_data.go:97.2,97.31 1 0
github.com/ct-logic-api-document/internal/usecase/fetch_data/fetch_data.go:97.31,100.3 2 0
github.com/ct-logic-api-document/internal/usecase/fetch_data/fetch_data.go:102.2,108.40 4 0
github.com/ct-logic-api-document/internal/usecase/fetch_data/fetch_data.go:108.40,110.25 2 0
github.com/ct-logic-api-document/internal/usecase/fetch_data/fetch_data.go:110.25,112.4 1 0
github.com/ct-logic-api-document/internal/usecase/fetch_data/fetch_data.go:116.2,116.36 1 0
github.com/ct-logic-api-document/internal/usecase/fetch_data/fetch_data.go:116.36,118.3 1 0
github.com/ct-logic-api-document/internal/usecase/fetch_data/fetch_data.go:120.2,120.12 1 0
github.com/ct-logic-api-document/internal/usecase/fetch_data/fetch_data.go:123.110,128.29 4 0
github.com/ct-logic-api-document/internal/usecase/fetch_data/fetch_data.go:128.29,130.25 2 0
github.com/ct-logic-api-document/internal/usecase/fetch_data/fetch_data.go:130.25,133.4 1 0
github.com/ct-logic-api-document/internal/usecase/fetch_data/fetch_data.go:136.2,136.36 1 0
github.com/ct-logic-api-document/internal/usecase/fetch_data/fetch_data.go:136.36,139.3 2 0
github.com/ct-logic-api-document/internal/usecase/fetch_data/fetch_data.go:141.2,141.12 1 0
github.com/ct-logic-api-document/internal/usecase/fetch_data/fetch_data.go:144.105,148.15 3 0
github.com/ct-logic-api-document/internal/usecase/fetch_data/fetch_data.go:148.15,151.3 1 0
github.com/ct-logic-api-document/internal/usecase/fetch_data/fetch_data.go:153.2,154.16 2 0
github.com/ct-logic-api-document/internal/usecase/fetch_data/fetch_data.go:154.16,157.3 2 0
github.com/ct-logic-api-document/internal/usecase/fetch_data/fetch_data.go:158.2,158.29 1 0
github.com/ct-logic-api-document/internal/usecase/fetch_data/fetch_data.go:158.29,161.25 2 0
github.com/ct-logic-api-document/internal/usecase/fetch_data/fetch_data.go:161.25,163.4 1 0
github.com/ct-logic-api-document/internal/usecase/fetch_data/fetch_data.go:166.2,166.36 1 0
github.com/ct-logic-api-document/internal/usecase/fetch_data/fetch_data.go:166.36,169.3 2 0
github.com/ct-logic-api-document/internal/usecase/fetch_data/fetch_data.go:171.2,171.12 1 0
github.com/ct-logic-api-document/internal/usecase/fetch_data/fetch_data.go:174.114,180.15 4 0
github.com/ct-logic-api-document/internal/usecase/fetch_data/fetch_data.go:180.15,181.17 1 0
github.com/ct-logic-api-document/internal/usecase/fetch_data/fetch_data.go:181.17,183.4 1 0
github.com/ct-logic-api-document/internal/usecase/fetch_data/fetch_data.go:185.2,185.16 1 0
github.com/ct-logic-api-document/internal/usecase/fetch_data/fetch_data.go:185.16,188.3 2 0
github.com/ct-logic-api-document/internal/usecase/fetch_data/fetch_data.go:189.2,190.15 2 0
github.com/ct-logic-api-document/internal/usecase/fetch_data/fetch_data.go:190.15,192.26 2 0
github.com/ct-logic-api-document/internal/usecase/fetch_data/fetch_data.go:192.26,194.27 2 0
github.com/ct-logic-api-document/internal/usecase/fetch_data/fetch_data.go:194.27,196.5 1 0
github.com/ct-logic-api-document/internal/usecase/fetch_data/fetch_data.go:199.2,199.16 1 0
github.com/ct-logic-api-document/internal/usecase/fetch_data/fetch_data.go:199.16,202.3 2 0
github.com/ct-logic-api-document/internal/usecase/fetch_data/fetch_data.go:203.2,208.21 6 0
github.com/ct-logic-api-document/internal/usecase/fetch_data/fetch_data.go:208.21,211.17 3 0
github.com/ct-logic-api-document/internal/usecase/fetch_data/fetch_data.go:211.17,213.12 2 0
github.com/ct-logic-api-document/internal/usecase/fetch_data/fetch_data.go:215.3,215.28 1 0
github.com/ct-logic-api-document/internal/usecase/fetch_data/fetch_data.go:217.2,217.18 1 0
github.com/ct-logic-api-document/internal/usecase/fetch_data/fetch_data.go:220.86,223.10 2 0
github.com/ct-logic-api-document/internal/usecase/fetch_data/fetch_data.go:223.10,225.3 1 0
github.com/ct-logic-api-document/internal/usecase/fetch_data/fetch_data.go:226.2,228.16 3 0
github.com/ct-logic-api-document/internal/usecase/fetch_data/fetch_data.go:228.16,230.3 1 0
github.com/ct-logic-api-document/internal/usecase/fetch_data/fetch_data.go:231.2,232.25 2 0
github.com/ct-logic-api-document/internal/usecase/fetch_data/fetch_data.go:235.81,239.16 3 1
github.com/ct-logic-api-document/internal/usecase/fetch_data/fetch_data.go:239.16,241.3 1 0
github.com/ct-logic-api-document/internal/usecase/fetch_data/fetch_data.go:242.2,242.51 1 1
github.com/ct-logic-api-document/internal/usecase/fetch_data/fetch_data.go:242.51,244.3 1 0
github.com/ct-logic-api-document/internal/usecase/fetch_data/fetch_data.go:245.2,245.12 1 1
github.com/ct-logic-api-document/internal/usecase/fetch_data/fetch_data.go:248.47,249.35 1 0
github.com/ct-logic-api-document/internal/usecase/fetch_data/fetch_data.go:249.35,251.3 1 0
github.com/ct-logic-api-document/internal/usecase/fetch_data/fetch_data.go:252.2,254.16 3 0
github.com/ct-logic-api-document/internal/usecase/fetch_data/fetch_data.go:254.16,256.3 1 0
github.com/ct-logic-api-document/internal/usecase/fetch_data/fetch_data.go:257.2,257.23 1 0
github.com/ct-logic-api-document/internal/usecase/fetch_data/fetch_data.go:260.98,262.64 2 1
github.com/ct-logic-api-document/internal/usecase/fetch_data/fetch_data.go:262.64,265.3 2 0
github.com/ct-logic-api-document/internal/usecase/fetch_data/fetch_data.go:266.2,266.55 1 1
github.com/ct-logic-api-document/internal/usecase/fetch_data/fetch_data.go:266.55,269.3 2 0
github.com/ct-logic-api-document/internal/usecase/fetch_data/fetch_data.go:270.2,270.23 1 1
github.com/ct-logic-api-document/internal/usecase/fetch_data/fetch_data.go:278.108,283.23 3 0
github.com/ct-logic-api-document/internal/usecase/fetch_data/fetch_data.go:283.23,285.25 2 0
github.com/ct-logic-api-document/internal/usecase/fetch_data/fetch_data.go:285.25,286.71 1 0
github.com/ct-logic-api-document/internal/usecase/fetch_data/fetch_data.go:286.71,288.5 1 0
github.com/ct-logic-api-document/internal/usecase/fetch_data/fetch_data.go:292.2,293.23 2 0
github.com/ct-logic-api-document/internal/usecase/fetch_data/fetch_data.go:293.23,295.3 1 0
github.com/ct-logic-api-document/internal/usecase/fetch_data/fetch_data.go:298.2,298.49 1 0
github.com/ct-logic-api-document/internal/usecase/fetch_data/fetch_data.go:300.72,301.40 1 1
github.com/ct-logic-api-document/internal/usecase/fetch_data/fetch_data.go:301.40,303.3 1 0
github.com/ct-logic-api-document/internal/usecase/fetch_data/fetch_data.go:304.2,304.57 1 1
github.com/ct-logic-api-document/internal/usecase/fetch_data/fetch_data.go:304.57,306.3 1 0
github.com/ct-logic-api-document/internal/usecase/fetch_data/fetch_data.go:307.2,307.41 1 1
github.com/ct-logic-api-document/internal/usecase/fetch_data/fetch_data.go:307.41,309.3 1 0
github.com/ct-logic-api-document/internal/usecase/fetch_data/fetch_data.go:310.2,310.58 1 1
github.com/ct-logic-api-document/internal/usecase/fetch_data/fetch_data.go:310.58,312.3 1 0
github.com/ct-logic-api-document/internal/usecase/fetch_data/fetch_data.go:313.2,313.12 1 1
github.com/ct-logic-api-document/internal/usecase/fetch_data/fetch_data.go:316.84,322.16 6 1
github.com/ct-logic-api-document/internal/usecase/fetch_data/fetch_data.go:322.16,324.3 1 0
github.com/ct-logic-api-document/internal/usecase/fetch_data/fetch_data.go:325.2,325.16 1 1
github.com/ct-logic-api-document/internal/usecase/fetch_data/fetch_data.go:325.16,333.55 2 1
github.com/ct-logic-api-document/internal/usecase/fetch_data/fetch_data.go:333.55,335.4 1 0
github.com/ct-logic-api-document/internal/usecase/fetch_data/fetch_data.go:337.2,337.64 1 1
github.com/ct-logic-api-document/internal/usecase/fetch_data/fetch_data.go:337.64,339.3 1 0
github.com/ct-logic-api-document/internal/usecase/fetch_data/fetch_data.go:340.2,341.66 2 1
github.com/ct-logic-api-document/internal/usecase/fetch_data/fetch_data.go:341.66,343.3 1 0
github.com/ct-logic-api-document/internal/usecase/fetch_data/fetch_data.go:344.2,344.12 1 1
github.com/ct-logic-api-document/internal/usecase/fetch_data/fetch_data.go:347.109,352.35 2 1
github.com/ct-logic-api-document/internal/usecase/fetch_data/fetch_data.go:352.35,354.3 1 1
github.com/ct-logic-api-document/internal/usecase/fetch_data/fetch_data.go:355.2,355.74 1 1
github.com/ct-logic-api-document/internal/usecase/fetch_data/fetch_data.go:355.74,357.3 1 0
github.com/ct-logic-api-document/internal/usecase/fetch_data/fetch_data.go:358.2,358.12 1 1
github.com/ct-logic-api-document/internal/usecase/fetch_data/fetch_data.go:361.111,367.76 2 1
github.com/ct-logic-api-document/internal/usecase/fetch_data/fetch_data.go:367.76,369.3 1 0
github.com/ct-logic-api-document/internal/usecase/fetch_data/fetch_data.go:370.2,370.12 1 1
github.com/ct-logic-api-document/internal/usecase/fetch_data/fetch_data_helper.go:16.71,18.16 2 2
github.com/ct-logic-api-document/internal/usecase/fetch_data/fetch_data_helper.go:18.16,21.3 2 0
github.com/ct-logic-api-document/internal/usecase/fetch_data/fetch_data_helper.go:22.2,23.29 2 2
github.com/ct-logic-api-document/internal/usecase/fetch_data/fetch_data_helper.go:26.65,29.37 3 3
github.com/ct-logic-api-document/internal/usecase/fetch_data/fetch_data_helper.go:29.37,30.28 1 17
github.com/ct-logic-api-document/internal/usecase/fetch_data/fetch_data_helper.go:30.28,32.4 1 1
github.com/ct-logic-api-document/internal/usecase/fetch_data/fetch_data_helper.go:32.9,32.32 1 16
github.com/ct-logic-api-document/internal/usecase/fetch_data/fetch_data_helper.go:32.32,34.4 1 1
github.com/ct-logic-api-document/internal/usecase/fetch_data/fetch_data_helper.go:34.9,36.4 1 15
github.com/ct-logic-api-document/internal/usecase/fetch_data/fetch_data_helper.go:38.2,38.39 1 3
github.com/ct-logic-api-document/internal/usecase/fetch_data/fetch_data_helper.go:41.33,44.2 2 17
github.com/ct-logic-api-document/internal/usecase/fetch_data/fetch_data_helper.go:46.30,49.2 2 16
github.com/ct-logic-api-document/internal/usecase/fetch_data/fetch_data_helper.go:51.89,53.43 2 1
github.com/ct-logic-api-document/internal/usecase/fetch_data/fetch_data_helper.go:53.43,60.3 1 2
github.com/ct-logic-api-document/internal/usecase/fetch_data/fetch_data_helper.go:61.2,61.16 1 1
github.com/ct-logic-api-document/internal/usecase/fetch_data/fetch_data_helper.go:64.39,65.49 1 2
github.com/ct-logic-api-document/internal/usecase/fetch_data/fetch_data_helper.go:65.49,67.3 1 2
github.com/ct-logic-api-document/internal/usecase/fetch_data/fetch_data_helper.go:68.2,68.48 1 0
github.com/ct-logic-api-document/internal/usecase/fetch_data/fetch_data_helper.go:68.48,70.3 1 0
github.com/ct-logic-api-document/internal/usecase/fetch_data/fetch_data_helper.go:71.2,71.43 1 0
github.com/ct-logic-api-document/internal/usecase/fetch_data/fetch_data_helper.go:71.43,73.3 1 0
github.com/ct-logic-api-document/internal/usecase/fetch_data/fetch_data_helper.go:74.2,74.38 1 0
github.com/ct-logic-api-document/internal/usecase/load_structure/load_structure.go:26.18,31.2 1 0
github.com/ct-logic-api-document/internal/usecase/load_structure/load_structure.go:33.130,35.16 2 0
github.com/ct-logic-api-document/internal/usecase/load_structure/load_structure.go:35.16,37.3 1 0
github.com/ct-logic-api-document/internal/usecase/load_structure/load_structure.go:38.2,38.22 1 0
github.com/ct-logic-api-document/internal/usecase/load_structure/load_structure.go:38.22,40.3 1 0
github.com/ct-logic-api-document/internal/usecase/load_structure/load_structure.go:41.2,42.16 2 0
github.com/ct-logic-api-document/internal/usecase/load_structure/load_structure.go:42.16,44.3 1 0
github.com/ct-logic-api-document/internal/usecase/load_structure/load_structure.go:45.2,46.16 2 0
github.com/ct-logic-api-document/internal/usecase/load_structure/load_structure.go:46.16,48.3 1 0
github.com/ct-logic-api-document/internal/usecase/load_structure/load_structure.go:50.2,51.18 2 0
github.com/ct-logic-api-document/internal/usecase/load_structure/load_structure.go:58.40,74.73 3 0
github.com/ct-logic-api-document/internal/usecase/load_structure/load_structure.go:74.73,76.3 1 0
github.com/ct-logic-api-document/internal/usecase/load_structure/load_structure.go:77.2,77.76 1 0
github.com/ct-logic-api-document/internal/usecase/load_structure/load_structure.go:77.76,79.3 1 0
github.com/ct-logic-api-document/internal/usecase/load_structure/load_structure.go:80.2,80.80 1 0
github.com/ct-logic-api-document/internal/usecase/load_structure/load_structure.go:80.80,82.3 1 0
github.com/ct-logic-api-document/internal/usecase/load_structure/load_structure.go:84.2,87.13 2 0
github.com/ct-logic-api-document/pkg/client/grpc_client.go:22.59,24.2 1 0
github.com/ct-logic-api-document/pkg/client/grpc_client.go:26.59,28.2 1 0
github.com/ct-logic-api-document/pkg/client/grpc_client.go:30.43,32.2 1 0
github.com/ct-logic-api-document/pkg/client/grpc_client.go:34.39,36.2 1 0
github.com/ct-logic-api-document/pkg/client/grpc_client.go:38.63,40.2 1 0
github.com/ct-logic-api-document/pkg/client/grpc_client.go:42.44,51.22 4 0
github.com/ct-logic-api-document/pkg/client/grpc_client.go:51.22,53.3 1 0
github.com/ct-logic-api-document/pkg/client/grpc_client.go:54.2,59.16 2 0
github.com/ct-logic-api-document/pkg/client/grpc_client.go:59.16,62.3 2 0
github.com/ct-logic-api-document/pkg/client/grpc_client.go:63.2,64.12 2 0
github.com/ct-logic-api-document/pkg/client/grpc_client.go:67.86,68.159 1 0
github.com/ct-logic-api-document/pkg/client/grpc_client.go:68.159,69.56 1 0
github.com/ct-logic-api-document/pkg/client/grpc_client.go:69.56,71.4 1 0
github.com/ct-logic-api-document/pkg/client/grpc_client.go:72.3,72.13 1 0
github.com/ct-logic-api-document/pkg/client/http_client.go:21.122,23.16 2 0
github.com/ct-logic-api-document/pkg/client/http_client.go:23.16,25.3 1 0
github.com/ct-logic-api-document/pkg/client/http_client.go:26.2,28.16 3 0
github.com/ct-logic-api-document/pkg/client/http_client.go:28.16,30.3 1 0
github.com/ct-logic-api-document/pkg/client/http_client.go:31.2,32.28 2 0
github.com/ct-logic-api-document/pkg/client/http_client.go:32.28,34.3 1 0
github.com/ct-logic-api-document/pkg/client/http_client.go:35.2,36.16 2 0
github.com/ct-logic-api-document/pkg/client/http_client.go:36.16,38.3 1 0
github.com/ct-logic-api-document/pkg/client/http_client.go:39.2,40.12 2 0
github.com/ct-logic-api-document/pkg/client/http_client.go:43.45,65.2 4 0
github.com/ct-logic-api-document/pkg/metric/metric.go:27.103,31.16 4 0
github.com/ct-logic-api-document/pkg/metric/metric.go:31.16,33.3 1 0
github.com/ct-logic-api-document/pkg/metric/metric.go:34.2,34.67 1 0
github.com/ct-logic-api-document/pkg/metric/metric.go:37.33,60.2 5 0
github.com/ct-logic-api-document/utils/gcs/gcs.go:18.89,21.30 2 1
github.com/ct-logic-api-document/utils/gcs/gcs.go:21.30,23.3 1 0
github.com/ct-logic-api-document/utils/gcs/gcs.go:24.2,25.6 2 1
github.com/ct-logic-api-document/utils/gcs/gcs.go:25.6,31.26 5 2
github.com/ct-logic-api-document/utils/gcs/gcs.go:31.26,32.9 1 1
github.com/ct-logic-api-document/utils/gcs/gcs.go:35.2,35.18 1 1
github.com/ct-logic-api-document/utils/gcs/gcs.go:38.120,40.27 2 0
github.com/ct-logic-api-document/utils/gcs/gcs.go:40.27,44.7 2 0
github.com/ct-logic-api-document/utils/gcs/gcs.go:44.7,46.46 2 0
github.com/ct-logic-api-document/utils/gcs/gcs.go:46.46,47.10 1 0
github.com/ct-logic-api-document/utils/gcs/gcs.go:49.4,49.18 1 0
github.com/ct-logic-api-document/utils/gcs/gcs.go:49.18,52.5 2 0
github.com/ct-logic-api-document/utils/gcs/gcs.go:53.4,53.48 1 0
github.com/ct-logic-api-document/utils/gcs/gcs.go:53.48,54.13 1 0
github.com/ct-logic-api-document/utils/gcs/gcs.go:56.4,56.43 1 0
github.com/ct-logic-api-document/utils/gcs/gcs.go:56.43,57.13 1 0
github.com/ct-logic-api-document/utils/gcs/gcs.go:60.4,61.10 2 0
github.com/ct-logic-api-document/utils/gcs/gcs.go:61.10,63.5 1 0
github.com/ct-logic-api-document/utils/gcs/gcs.go:63.10,65.5 1 0
github.com/ct-logic-api-document/utils/gcs/gcs.go:69.2,69.19 1 0
github.com/ct-logic-api-document/utils/mongodb/base.go:27.88,32.21 4 9
github.com/ct-logic-api-document/utils/mongodb/base.go:32.21,34.3 1 9
github.com/ct-logic-api-document/utils/mongodb/base.go:36.2,37.16 2 9
github.com/ct-logic-api-document/utils/mongodb/base.go:37.16,39.3 1 0
github.com/ct-logic-api-document/utils/mongodb/base.go:41.2,41.49 1 9
github.com/ct-logic-api-document/utils/mongodb/base.go:41.49,43.3 1 0
github.com/ct-logic-api-document/utils/mongodb/base.go:45.2,45.66 1 9
github.com/ct-logic-api-document/utils/mongodb/base.go:45.66,47.3 1 9
github.com/ct-logic-api-document/utils/mongodb/base.go:49.2,49.52 1 0
github.com/ct-logic-api-document/utils/mongodb/base.go:52.69,55.68 2 9
github.com/ct-logic-api-document/utils/mongodb/base.go:55.68,57.4 1 0
github.com/ct-logic-api-document/utils/mongodb/base.go:58.72,60.10 2 0
github.com/ct-logic-api-document/utils/mongodb/base.go:60.10,63.5 2 0
github.com/ct-logic-api-document/utils/mongodb/base.go:65.66,67.10 2 0
github.com/ct-logic-api-document/utils/mongodb/base.go:67.10,70.5 2 0
github.com/ct-logic-api-document/utils/mongodb/base.go:73.2,73.29 1 9
github.com/ct-logic-api-document/utils/mongodb/base.go:83.25,89.2 2 0
github.com/ct-logic-api-document/utils/mongodb/base.go:91.115,94.16 3 0
github.com/ct-logic-api-document/utils/mongodb/base.go:94.16,95.43 1 0
github.com/ct-logic-api-document/utils/mongodb/base.go:95.43,97.4 1 0
github.com/ct-logic-api-document/utils/mongodb/base.go:98.3,99.51 2 0
github.com/ct-logic-api-document/utils/mongodb/base.go:102.2,103.16 2 0
github.com/ct-logic-api-document/utils/mongodb/base.go:103.16,105.3 1 0
github.com/ct-logic-api-document/utils/mongodb/base.go:107.2,107.47 1 0
github.com/ct-logic-api-document/utils/mongodb/base.go:107.47,108.23 1 0
github.com/ct-logic-api-document/utils/mongodb/base.go:108.23,110.4 1 0
github.com/ct-logic-api-document/utils/mongodb/base.go:113.2,113.18 1 0
github.com/ct-logic-api-document/utils/mongodb/base.go:116.82,120.16 2 0
github.com/ct-logic-api-document/utils/mongodb/base.go:120.16,123.3 2 0
github.com/ct-logic-api-document/utils/mongodb/base.go:125.2,125.45 1 0
github.com/ct-logic-api-document/utils/mongodb/base.go:125.45,127.3 1 0
github.com/ct-logic-api-document/utils/mongodb/base.go:129.2,129.17 1 0
github.com/ct-logic-api-document/utils/mongodb/base.go:134.16,136.17 2 0
github.com/ct-logic-api-document/utils/mongodb/base.go:136.17,138.3 1 0
github.com/ct-logic-api-document/utils/mongodb/base.go:139.2,139.15 1 0
github.com/ct-logic-api-document/utils/mongodb/base.go:139.15,141.3 1 0
github.com/ct-logic-api-document/utils/mongodb/base.go:142.2,142.16 1 0
github.com/ct-logic-api-document/utils/mongodb/base.go:142.16,144.3 1 0
github.com/ct-logic-api-document/utils/mongodb/base.go:146.2,149.16 4 0
github.com/ct-logic-api-document/utils/mongodb/base.go:149.16,150.43 1 0
github.com/ct-logic-api-document/utils/mongodb/base.go:150.43,152.4 1 0
github.com/ct-logic-api-document/utils/mongodb/base.go:154.3,155.51 2 0
github.com/ct-logic-api-document/utils/mongodb/base.go:157.2,158.46 2 0
github.com/ct-logic-api-document/utils/mongodb/base.go:158.46,161.3 2 0
github.com/ct-logic-api-document/utils/mongodb/base.go:163.2,163.17 1 0
github.com/ct-logic-api-document/utils/mongodb/base.go:166.76,169.16 3 0
github.com/ct-logic-api-document/utils/mongodb/base.go:169.16,172.3 2 0
github.com/ct-logic-api-document/utils/mongodb/base.go:173.2,173.41 1 0
github.com/ct-logic-api-document/utils/mongodb/base.go:176.83,178.26 2 0
github.com/ct-logic-api-document/utils/mongodb/base.go:178.26,181.3 2 0
github.com/ct-logic-api-document/utils/mongodb/base.go:182.2,183.16 2 0
github.com/ct-logic-api-document/utils/mongodb/base.go:183.16,186.3 2 0
github.com/ct-logic-api-document/utils/mongodb/base.go:187.2,187.23 1 0
github.com/ct-logic-api-document/utils/mongodb/base.go:187.23,189.17 2 0
github.com/ct-logic-api-document/utils/mongodb/base.go:189.17,191.4 1 0
github.com/ct-logic-api-document/utils/mongodb/base.go:193.2,193.12 1 0
github.com/ct-logic-api-document/utils/mongodb/base.go:197.99,206.16 5 0
github.com/ct-logic-api-document/utils/mongodb/base.go:206.16,209.3 2 0
github.com/ct-logic-api-document/utils/mongodb/base.go:210.2,210.34 1 0
github.com/ct-logic-api-document/utils/mongodb/base.go:213.103,222.16 5 0
github.com/ct-logic-api-document/utils/mongodb/base.go:222.16,225.3 2 0
github.com/ct-logic-api-document/utils/mongodb/base.go:226.2,226.34 1 0
github.com/ct-logic-api-document/utils/mongodb/base.go:231.32,239.16 4 0
github.com/ct-logic-api-document/utils/mongodb/base.go:239.16,242.3 2 0
github.com/ct-logic-api-document/utils/mongodb/base.go:243.2,243.20 1 0
github.com/ct-logic-api-document/utils/mongodb/base.go:250.3,263.16 6 0
github.com/ct-logic-api-document/utils/mongodb/base.go:263.16,266.3 2 0
github.com/ct-logic-api-document/utils/mongodb/base.go:268.2,268.31 1 0
github.com/ct-logic-api-document/utils/mongodb/base.go:268.31,270.3 1 0
github.com/ct-logic-api-document/utils/mongodb/base.go:273.2,273.91 1 0
github.com/ct-logic-api-document/utils/mongodb/base.go:279.18,283.2 1 0
github.com/ct-logic-api-document/utils/mongodb/base.go:288.51,292.2 1 0
github.com/ct-logic-api-document/utils/mongodb/base.go:296.9,298.16 2 0
github.com/ct-logic-api-document/utils/mongodb/base.go:298.16,301.3 2 0
github.com/ct-logic-api-document/utils/mongodb/base.go:303.2,303.12 1 0
github.com/ct-logic-api-document/utils/mongodb/base.go:308.18,312.2 1 0
github.com/ct-logic-api-document/utils/mongodb/base.go:314.80,316.2 1 0
github.com/ct-logic-api-document/utils/mongodb/base.go:318.93,324.2 1 0
github.com/ct-logic-api-document/utils/mongodb/base.go:326.96,328.2 1 0
github.com/ct-logic-api-document/utils/mongodb/base.go:330.62,331.67 1 1
github.com/ct-logic-api-document/utils/mongodb/base.go:331.67,333.10 2 0
github.com/ct-logic-api-document/utils/mongodb/base.go:333.10,335.4 1 0
github.com/ct-logic-api-document/utils/mongodb/base.go:336.3,336.19 1 0
github.com/ct-logic-api-document/utils/mongodb/base.go:338.2,339.17 2 1
github.com/ct-logic-api-document/utils/mongodb/base.go:339.17,341.3 1 0
github.com/ct-logic-api-document/utils/mongodb/base.go:342.2,346.29 4 1
github.com/ct-logic-api-document/utils/mongodb/base.go:346.29,348.3 1 0
github.com/ct-logic-api-document/utils/mongodb/base.go:349.2,349.36 1 1
github.com/ct-logic-api-document/utils/mongodb/base.go:349.36,354.17 5 9
github.com/ct-logic-api-document/utils/mongodb/base.go:354.17,355.12 1 0
github.com/ct-logic-api-document/utils/mongodb/base.go:357.3,361.36 2 9
github.com/ct-logic-api-document/utils/mongodb/base.go:361.36,362.12 1 1
github.com/ct-logic-api-document/utils/mongodb/base.go:364.3,364.38 1 8
github.com/ct-logic-api-document/utils/mongodb/base.go:364.38,367.4 2 8
github.com/ct-logic-api-document/utils/mongodb/base.go:369.2,369.12 1 1
github.com/ct-logic-api-document/utils/mongodb/base_entity.go:28.48,30.9 2 0
github.com/ct-logic-api-document/utils/mongodb/base_entity.go:30.9,32.3 1 0
github.com/ct-logic-api-document/utils/mongodb/base_entity.go:33.2,34.12 2 0
github.com/ct-logic-api-document/utils/mongodb/base_entity.go:37.40,39.2 1 0
github.com/ct-logic-api-document/utils/mongodb/base_entity.go:41.40,43.2 1 0
github.com/ct-logic-api-document/utils/mongodb/base_entity.go:45.48,47.2 1 0
github.com/ct-logic-api-document/utils/mongodb/base_entity.go:49.48,50.24 1 0
github.com/ct-logic-api-document/utils/mongodb/base_entity.go:50.24,52.3 1 0
github.com/ct-logic-api-document/utils/mongodb/base_entity.go:53.2,54.18 2 0
github.com/ct-logic-api-document/utils/mongodb/base_entity.go:57.48,59.2 1 0
github.com/ct-logic-api-document/utils/mongodb/base_entity.go:61.48,63.2 1 0
