mode: atomic
github.com/ct-logic-api-document/main.go:8.13,11.16 3 0
github.com/ct-logic-api-document/main.go:11.16,13.3 1 0
github.com/ct-logic-api-document/cmd/app.go:9.22,14.48 1 0
github.com/ct-logic-api-document/cmd/app.go:14.49,14.50 0 0
github.com/ct-logic-api-document/cmd/app.go:16.2,20.16 4 0
github.com/ct-logic-api-document/cmd/app.go:20.16,22.3 1 0
github.com/ct-logic-api-document/cmd/app.go:23.2,23.12 1 0
github.com/ct-logic-api-document/cmd/cronjob.go:12.42,16.3 1 0
github.com/ct-logic-api-document/cmd/service.go:24.47,26.3 1 0
github.com/ct-logic-api-document/cmd/service.go:33.19,40.37 3 0
github.com/ct-logic-api-document/cmd/service.go:40.38,40.39 0 0
github.com/ct-logic-api-document/cmd/service.go:41.67,43.4 1 0
github.com/ct-logic-api-document/cmd/service.go:44.2,45.16 2 0
github.com/ct-logic-api-document/cmd/service.go:45.16,46.56 1 0
github.com/ct-logic-api-document/cmd/service.go:49.2,50.44 1 0
github.com/ct-logic-api-document/cmd/service.go:50.44,51.14 1 0
github.com/ct-logic-api-document/cmd/service.go:51.14,54.19 3 0
github.com/ct-logic-api-document/cmd/service.go:54.19,56.6 1 0
github.com/ct-logic-api-document/cmd/service.go:58.4,58.14 1 0
github.com/ct-logic-api-document/cmd/service.go:63.2,63.15 1 0
github.com/ct-logic-api-document/cmd/service.go:66.46,71.39 4 0
github.com/ct-logic-api-document/cmd/service.go:71.39,75.4 1 0
github.com/ct-logic-api-document/cmd/service.go:87.2,87.12 1 0
github.com/ct-logic-api-document/config/config.go:25.30,27.41 2 0
github.com/ct-logic-api-document/config/config.go:27.41,29.3 1 0
github.com/ct-logic-api-document/config/config.go:30.2,30.19 1 0
github.com/ct-logic-api-document/config/config.go:33.25,35.16 2 0
github.com/ct-logic-api-document/config/config.go:35.16,36.13 1 0
github.com/ct-logic-api-document/config/config.go:38.2,38.13 1 0
github.com/ct-logic-api-document/internal/controller/cronjob.go:20.38,32.9 7 0
github.com/ct-logic-api-document/internal/controller/cronjob.go:32.9,33.34 1 0
github.com/ct-logic-api-document/internal/controller/cronjob.go:35.2,36.31 2 0
github.com/ct-logic-api-document/internal/entity/input.go:12.52,13.22 1 0
github.com/ct-logic-api-document/internal/entity/input.go:13.22,15.3 1 0
github.com/ct-logic-api-document/internal/entity/input.go:16.2,16.44 1 0
github.com/ct-logic-api-document/internal/entity/input.go:16.44,18.3 1 0
github.com/ct-logic-api-document/internal/entity/input.go:19.2,19.13 1 0
github.com/ct-logic-api-document/internal/handler/handler.go:16.28,18.2 1 0
github.com/ct-logic-api-document/internal/handler/handler.go:25.3,32.35 3 0
github.com/ct-logic-api-document/internal/handler/handler.go:32.35,39.70 3 0
github.com/ct-logic-api-document/internal/handler/handler.go:39.70,41.5 1 0
github.com/ct-logic-api-document/internal/repository/mongodb/api.go:24.58,29.2 2 0
github.com/ct-logic-api-document/internal/repository/mongodb/api.go:31.79,33.2 1 0
github.com/ct-logic-api-document/internal/repository/mongodb/api.go:35.93,40.2 2 0
github.com/ct-logic-api-document/internal/repository/mongodb/mongo.go:41.16,44.2 2 0
github.com/ct-logic-api-document/internal/repository/mongodb/mongo.go:46.77,51.22 5 0
github.com/ct-logic-api-document/internal/repository/mongodb/mongo.go:51.22,53.3 1 0
github.com/ct-logic-api-document/internal/repository/mongodb/mongo.go:54.2,55.16 2 0
github.com/ct-logic-api-document/internal/repository/mongodb/mongo.go:55.16,57.3 1 0
github.com/ct-logic-api-document/internal/repository/mongodb/mongo.go:58.2,61.16 4 0
github.com/ct-logic-api-document/internal/repository/mongodb/mongo.go:61.16,62.13 1 0
github.com/ct-logic-api-document/internal/repository/mongodb/mongo.go:64.2,74.3 2 0
github.com/ct-logic-api-document/internal/repository/mongodb/mongo.go:77.38,80.16 3 0
github.com/ct-logic-api-document/internal/repository/mongodb/mongo.go:80.16,81.13 1 0
github.com/ct-logic-api-document/internal/repository/mongodb/mongo.go:87.15,90.16 3 0
github.com/ct-logic-api-document/internal/repository/mongodb/mongo.go:90.16,93.3 2 0
github.com/ct-logic-api-document/internal/repository/mongodb/mongo.go:95.2,95.17 1 0
github.com/ct-logic-api-document/internal/repository/mongodb/mongo.go:100.15,105.16 4 0
github.com/ct-logic-api-document/internal/repository/mongodb/mongo.go:105.16,107.3 1 0
github.com/ct-logic-api-document/internal/repository/mongodb/mongo.go:109.2,111.52 2 0
github.com/ct-logic-api-document/internal/repository/mongodb/mongo.go:111.52,114.3 2 0
github.com/ct-logic-api-document/internal/repository/mongodb/mongo.go:116.2,118.16 3 0
github.com/ct-logic-api-document/internal/repository/mongodb/mongo.go:118.16,120.3 1 0
github.com/ct-logic-api-document/internal/repository/mongodb/mongo.go:122.2,123.21 2 0
github.com/ct-logic-api-document/internal/repository/mongodb/mongo.go:123.21,125.3 1 0
github.com/ct-logic-api-document/internal/repository/mongodb/mongo.go:126.2,126.22 1 0
github.com/ct-logic-api-document/internal/repository/mongodb/mongo.go:131.15,133.16 2 0
github.com/ct-logic-api-document/internal/repository/mongodb/mongo.go:133.16,135.3 1 0
github.com/ct-logic-api-document/internal/repository/mongodb/mongo.go:137.2,139.16 3 0
github.com/ct-logic-api-document/internal/repository/mongodb/mongo.go:139.16,141.3 1 0
github.com/ct-logic-api-document/internal/repository/mongodb/mongo.go:143.2,144.16 2 0
github.com/ct-logic-api-document/internal/repository/mongodb/mongo.go:144.16,147.3 2 0
github.com/ct-logic-api-document/internal/repository/mongodb/mongo.go:149.2,150.16 2 0
github.com/ct-logic-api-document/internal/repository/mongodb/mongo.go:150.16,153.3 2 0
github.com/ct-logic-api-document/internal/repository/mongodb/mongo.go:155.2,155.48 1 0
github.com/ct-logic-api-document/internal/repository/mongodb/mongo.go:160.15,167.42 5 0
github.com/ct-logic-api-document/internal/repository/mongodb/mongo.go:167.42,169.3 1 0
github.com/ct-logic-api-document/internal/repository/mongodb/mongo.go:171.2,171.16 1 0
github.com/ct-logic-api-document/internal/repository/mongodb/mongo.go:171.16,174.3 2 0
github.com/ct-logic-api-document/internal/repository/mongodb/mongo.go:176.2,177.51 2 0
github.com/ct-logic-api-document/internal/repository/mongodb/mongo.go:177.51,180.3 2 0
github.com/ct-logic-api-document/internal/repository/mongodb/mongo.go:182.2,183.16 2 0
github.com/ct-logic-api-document/internal/repository/mongodb/mongo.go:183.16,186.3 2 0
github.com/ct-logic-api-document/internal/repository/mongodb/mongo.go:187.2,187.43 1 0
github.com/ct-logic-api-document/internal/repository/mongodb/mongo.go:192.15,194.16 2 0
github.com/ct-logic-api-document/internal/repository/mongodb/mongo.go:194.16,196.3 1 0
github.com/ct-logic-api-document/internal/repository/mongodb/mongo.go:198.2,200.16 3 0
github.com/ct-logic-api-document/internal/repository/mongodb/mongo.go:200.16,202.3 1 0
github.com/ct-logic-api-document/internal/repository/mongodb/mongo.go:204.2,208.16 3 0
github.com/ct-logic-api-document/internal/repository/mongodb/mongo.go:208.16,211.3 2 0
github.com/ct-logic-api-document/internal/repository/mongodb/mongo.go:213.2,214.16 2 0
github.com/ct-logic-api-document/internal/repository/mongodb/mongo.go:214.16,217.3 2 0
github.com/ct-logic-api-document/internal/repository/mongodb/mongo.go:219.2,219.48 1 0
github.com/ct-logic-api-document/internal/repository/mongodb/mongo.go:224.15,226.16 2 0
github.com/ct-logic-api-document/internal/repository/mongodb/mongo.go:226.16,229.3 2 0
github.com/ct-logic-api-document/internal/repository/mongodb/mongo.go:231.2,231.20 1 0
github.com/ct-logic-api-document/internal/repository/mongodb/mongo.go:236.17,241.16 4 0
github.com/ct-logic-api-document/internal/repository/mongodb/mongo.go:241.16,244.3 2 0
github.com/ct-logic-api-document/internal/repository/mongodb/mongo.go:246.2,247.53 2 0
github.com/ct-logic-api-document/internal/repository/mongodb/mongo.go:247.53,250.3 2 0
github.com/ct-logic-api-document/internal/repository/mongodb/mongo.go:252.2,253.25 2 0
github.com/ct-logic-api-document/internal/repository/mongodb/sample_request.go:25.78,30.2 2 0
github.com/ct-logic-api-document/internal/repository/mongodb/sample_request.go:32.119,34.2 1 0
github.com/ct-logic-api-document/internal/repository/mongodb/sample_request.go:37.82,43.2 3 0
github.com/ct-logic-api-document/internal/repository/mongodb/sample_response.go:26.80,31.2 2 0
github.com/ct-logic-api-document/internal/repository/mongodb/sample_response.go:33.123,35.2 1 0
github.com/ct-logic-api-document/internal/repository/mongodb/sample_response.go:37.163,43.2 3 0
github.com/ct-logic-api-document/config/config.go:25.30,27.41 2 1
github.com/ct-logic-api-document/config/config.go:27.41,29.3 1 0
github.com/ct-logic-api-document/config/config.go:30.2,30.19 1 1
github.com/ct-logic-api-document/config/config.go:33.25,35.16 2 1
github.com/ct-logic-api-document/config/config.go:35.16,36.13 1 0
github.com/ct-logic-api-document/config/config.go:38.2,38.13 1 1
github.com/ct-logic-api-document/internal/entity/input.go:12.52,13.22 1 0
github.com/ct-logic-api-document/internal/entity/input.go:13.22,15.3 1 0
github.com/ct-logic-api-document/internal/entity/input.go:16.2,16.44 1 0
github.com/ct-logic-api-document/internal/entity/input.go:16.44,18.3 1 0
github.com/ct-logic-api-document/internal/entity/input.go:19.2,19.13 1 0
github.com/ct-logic-api-document/internal/repository/mongodb/api.go:24.58,29.2 2 1
github.com/ct-logic-api-document/internal/repository/mongodb/api.go:31.79,33.2 1 1
github.com/ct-logic-api-document/internal/repository/mongodb/api.go:35.93,40.2 2 1
github.com/ct-logic-api-document/internal/repository/mongodb/mongo.go:41.16,44.2 2 1
github.com/ct-logic-api-document/internal/repository/mongodb/mongo.go:46.77,51.22 5 1
github.com/ct-logic-api-document/internal/repository/mongodb/mongo.go:51.22,53.3 1 0
github.com/ct-logic-api-document/internal/repository/mongodb/mongo.go:54.2,55.16 2 1
github.com/ct-logic-api-document/internal/repository/mongodb/mongo.go:55.16,57.3 1 0
github.com/ct-logic-api-document/internal/repository/mongodb/mongo.go:58.2,61.16 4 1
github.com/ct-logic-api-document/internal/repository/mongodb/mongo.go:61.16,62.13 1 0
github.com/ct-logic-api-document/internal/repository/mongodb/mongo.go:64.2,74.3 2 1
github.com/ct-logic-api-document/internal/repository/mongodb/mongo.go:77.38,80.16 3 0
github.com/ct-logic-api-document/internal/repository/mongodb/mongo.go:80.16,81.13 1 0
github.com/ct-logic-api-document/internal/repository/mongodb/mongo.go:87.15,90.16 3 0
github.com/ct-logic-api-document/internal/repository/mongodb/mongo.go:90.16,93.3 2 0
github.com/ct-logic-api-document/internal/repository/mongodb/mongo.go:95.2,95.17 1 0
github.com/ct-logic-api-document/internal/repository/mongodb/mongo.go:100.15,105.16 4 0
github.com/ct-logic-api-document/internal/repository/mongodb/mongo.go:105.16,107.3 1 0
github.com/ct-logic-api-document/internal/repository/mongodb/mongo.go:109.2,111.52 2 0
github.com/ct-logic-api-document/internal/repository/mongodb/mongo.go:111.52,114.3 2 0
github.com/ct-logic-api-document/internal/repository/mongodb/mongo.go:116.2,118.16 3 0
github.com/ct-logic-api-document/internal/repository/mongodb/mongo.go:118.16,120.3 1 0
github.com/ct-logic-api-document/internal/repository/mongodb/mongo.go:122.2,123.21 2 0
github.com/ct-logic-api-document/internal/repository/mongodb/mongo.go:123.21,125.3 1 0
github.com/ct-logic-api-document/internal/repository/mongodb/mongo.go:126.2,126.22 1 0
github.com/ct-logic-api-document/internal/repository/mongodb/mongo.go:131.15,133.16 2 0
github.com/ct-logic-api-document/internal/repository/mongodb/mongo.go:133.16,135.3 1 0
github.com/ct-logic-api-document/internal/repository/mongodb/mongo.go:137.2,139.16 3 0
github.com/ct-logic-api-document/internal/repository/mongodb/mongo.go:139.16,141.3 1 0
github.com/ct-logic-api-document/internal/repository/mongodb/mongo.go:143.2,144.16 2 0
github.com/ct-logic-api-document/internal/repository/mongodb/mongo.go:144.16,147.3 2 0
github.com/ct-logic-api-document/internal/repository/mongodb/mongo.go:149.2,150.16 2 0
github.com/ct-logic-api-document/internal/repository/mongodb/mongo.go:150.16,153.3 2 0
github.com/ct-logic-api-document/internal/repository/mongodb/mongo.go:155.2,155.48 1 0
github.com/ct-logic-api-document/internal/repository/mongodb/mongo.go:160.15,167.42 5 0
github.com/ct-logic-api-document/internal/repository/mongodb/mongo.go:167.42,169.3 1 0
github.com/ct-logic-api-document/internal/repository/mongodb/mongo.go:171.2,171.16 1 0
github.com/ct-logic-api-document/internal/repository/mongodb/mongo.go:171.16,174.3 2 0
github.com/ct-logic-api-document/internal/repository/mongodb/mongo.go:176.2,177.51 2 0
github.com/ct-logic-api-document/internal/repository/mongodb/mongo.go:177.51,180.3 2 0
github.com/ct-logic-api-document/internal/repository/mongodb/mongo.go:182.2,183.16 2 0
github.com/ct-logic-api-document/internal/repository/mongodb/mongo.go:183.16,186.3 2 0
github.com/ct-logic-api-document/internal/repository/mongodb/mongo.go:187.2,187.43 1 0
github.com/ct-logic-api-document/internal/repository/mongodb/mongo.go:192.15,194.16 2 0
github.com/ct-logic-api-document/internal/repository/mongodb/mongo.go:194.16,196.3 1 0
github.com/ct-logic-api-document/internal/repository/mongodb/mongo.go:198.2,200.16 3 0
github.com/ct-logic-api-document/internal/repository/mongodb/mongo.go:200.16,202.3 1 0
github.com/ct-logic-api-document/internal/repository/mongodb/mongo.go:204.2,208.16 3 0
github.com/ct-logic-api-document/internal/repository/mongodb/mongo.go:208.16,211.3 2 0
github.com/ct-logic-api-document/internal/repository/mongodb/mongo.go:213.2,214.16 2 0
github.com/ct-logic-api-document/internal/repository/mongodb/mongo.go:214.16,217.3 2 0
github.com/ct-logic-api-document/internal/repository/mongodb/mongo.go:219.2,219.48 1 0
github.com/ct-logic-api-document/internal/repository/mongodb/mongo.go:224.15,226.16 2 0
github.com/ct-logic-api-document/internal/repository/mongodb/mongo.go:226.16,229.3 2 0
github.com/ct-logic-api-document/internal/repository/mongodb/mongo.go:231.2,231.20 1 0
github.com/ct-logic-api-document/internal/repository/mongodb/mongo.go:236.17,241.16 4 0
github.com/ct-logic-api-document/internal/repository/mongodb/mongo.go:241.16,244.3 2 0
github.com/ct-logic-api-document/internal/repository/mongodb/mongo.go:246.2,247.53 2 0
github.com/ct-logic-api-document/internal/repository/mongodb/mongo.go:247.53,250.3 2 0
github.com/ct-logic-api-document/internal/repository/mongodb/mongo.go:252.2,253.25 2 0
github.com/ct-logic-api-document/internal/repository/mongodb/sample_request.go:25.78,30.2 2 1
github.com/ct-logic-api-document/internal/repository/mongodb/sample_request.go:32.119,34.2 1 1
github.com/ct-logic-api-document/internal/repository/mongodb/sample_request.go:37.82,43.2 3 0
github.com/ct-logic-api-document/internal/repository/mongodb/sample_response.go:26.80,31.2 2 1
github.com/ct-logic-api-document/internal/repository/mongodb/sample_response.go:33.123,35.2 1 1
github.com/ct-logic-api-document/internal/repository/mongodb/sample_response.go:37.163,43.2 3 0
github.com/ct-logic-api-document/internal/usecase/fetch_data.go:38.26,40.3 1 0
github.com/ct-logic-api-document/internal/usecase/fetch_data.go:58.16,63.2 1 1
github.com/ct-logic-api-document/internal/usecase/fetch_data.go:65.67,68.16 2 0
github.com/ct-logic-api-document/internal/usecase/fetch_data.go:68.16,71.3 2 0
github.com/ct-logic-api-document/internal/usecase/fetch_data.go:72.2,76.16 4 0
github.com/ct-logic-api-document/internal/usecase/fetch_data.go:76.16,79.3 2 0
github.com/ct-logic-api-document/internal/usecase/fetch_data.go:80.2,85.16 5 0
github.com/ct-logic-api-document/internal/usecase/fetch_data.go:85.16,88.3 2 0
github.com/ct-logic-api-document/internal/usecase/fetch_data.go:89.2,89.20 1 0
github.com/ct-logic-api-document/internal/usecase/fetch_data.go:89.20,92.3 2 0
github.com/ct-logic-api-document/internal/usecase/fetch_data.go:93.2,94.16 2 0
github.com/ct-logic-api-document/internal/usecase/fetch_data.go:94.16,97.3 2 0
github.com/ct-logic-api-document/internal/usecase/fetch_data.go:98.2,98.31 1 0
github.com/ct-logic-api-document/internal/usecase/fetch_data.go:98.31,101.3 2 0
github.com/ct-logic-api-document/internal/usecase/fetch_data.go:103.2,109.40 4 0
github.com/ct-logic-api-document/internal/usecase/fetch_data.go:109.40,111.25 2 0
github.com/ct-logic-api-document/internal/usecase/fetch_data.go:111.25,113.4 1 0
github.com/ct-logic-api-document/internal/usecase/fetch_data.go:117.2,117.36 1 0
github.com/ct-logic-api-document/internal/usecase/fetch_data.go:117.36,119.3 1 0
github.com/ct-logic-api-document/internal/usecase/fetch_data.go:121.2,121.12 1 0
github.com/ct-logic-api-document/internal/usecase/fetch_data.go:124.110,129.29 4 0
github.com/ct-logic-api-document/internal/usecase/fetch_data.go:129.29,131.25 2 0
github.com/ct-logic-api-document/internal/usecase/fetch_data.go:131.25,134.4 1 0
github.com/ct-logic-api-document/internal/usecase/fetch_data.go:137.2,137.36 1 0
github.com/ct-logic-api-document/internal/usecase/fetch_data.go:137.36,140.3 2 0
github.com/ct-logic-api-document/internal/usecase/fetch_data.go:142.2,142.12 1 0
github.com/ct-logic-api-document/internal/usecase/fetch_data.go:145.105,151.15 5 0
github.com/ct-logic-api-document/internal/usecase/fetch_data.go:151.15,155.3 2 0
github.com/ct-logic-api-document/internal/usecase/fetch_data.go:157.2,157.35 1 0
github.com/ct-logic-api-document/internal/usecase/fetch_data.go:157.35,160.25 2 0
github.com/ct-logic-api-document/internal/usecase/fetch_data.go:160.25,162.4 1 0
github.com/ct-logic-api-document/internal/usecase/fetch_data.go:165.2,165.36 1 0
github.com/ct-logic-api-document/internal/usecase/fetch_data.go:165.36,168.3 2 0
github.com/ct-logic-api-document/internal/usecase/fetch_data.go:170.2,170.12 1 0
github.com/ct-logic-api-document/internal/usecase/fetch_data.go:173.122,179.15 4 0
github.com/ct-logic-api-document/internal/usecase/fetch_data.go:179.15,180.17 1 0
github.com/ct-logic-api-document/internal/usecase/fetch_data.go:180.17,182.4 1 0
github.com/ct-logic-api-document/internal/usecase/fetch_data.go:184.2,184.16 1 0
github.com/ct-logic-api-document/internal/usecase/fetch_data.go:184.16,187.3 2 0
github.com/ct-logic-api-document/internal/usecase/fetch_data.go:188.2,189.15 2 0
github.com/ct-logic-api-document/internal/usecase/fetch_data.go:189.15,191.26 2 0
github.com/ct-logic-api-document/internal/usecase/fetch_data.go:191.26,193.27 2 0
github.com/ct-logic-api-document/internal/usecase/fetch_data.go:193.27,195.5 1 0
github.com/ct-logic-api-document/internal/usecase/fetch_data.go:198.2,198.16 1 0
github.com/ct-logic-api-document/internal/usecase/fetch_data.go:198.16,201.3 2 0
github.com/ct-logic-api-document/internal/usecase/fetch_data.go:202.2,206.21 5 0
github.com/ct-logic-api-document/internal/usecase/fetch_data.go:206.21,209.17 3 0
github.com/ct-logic-api-document/internal/usecase/fetch_data.go:209.17,211.12 2 0
github.com/ct-logic-api-document/internal/usecase/fetch_data.go:213.3,214.13 2 0
github.com/ct-logic-api-document/internal/usecase/fetch_data.go:216.2,216.12 1 0
github.com/ct-logic-api-document/internal/usecase/fetch_data.go:219.86,222.10 2 0
github.com/ct-logic-api-document/internal/usecase/fetch_data.go:222.10,224.3 1 0
github.com/ct-logic-api-document/internal/usecase/fetch_data.go:225.2,227.16 3 0
github.com/ct-logic-api-document/internal/usecase/fetch_data.go:227.16,229.3 1 0
github.com/ct-logic-api-document/internal/usecase/fetch_data.go:230.2,231.25 2 0
github.com/ct-logic-api-document/internal/usecase/fetch_data.go:234.81,238.16 3 1
github.com/ct-logic-api-document/internal/usecase/fetch_data.go:238.16,240.3 1 0
github.com/ct-logic-api-document/internal/usecase/fetch_data.go:241.2,241.51 1 1
github.com/ct-logic-api-document/internal/usecase/fetch_data.go:241.51,243.3 1 0
github.com/ct-logic-api-document/internal/usecase/fetch_data.go:244.2,244.12 1 1
github.com/ct-logic-api-document/internal/usecase/fetch_data.go:247.47,248.35 1 0
github.com/ct-logic-api-document/internal/usecase/fetch_data.go:248.35,250.3 1 0
github.com/ct-logic-api-document/internal/usecase/fetch_data.go:251.2,253.16 3 0
github.com/ct-logic-api-document/internal/usecase/fetch_data.go:253.16,255.3 1 0
github.com/ct-logic-api-document/internal/usecase/fetch_data.go:256.2,256.23 1 0
github.com/ct-logic-api-document/internal/usecase/fetch_data.go:259.98,261.64 2 1
github.com/ct-logic-api-document/internal/usecase/fetch_data.go:261.64,264.3 2 0
github.com/ct-logic-api-document/internal/usecase/fetch_data.go:265.2,265.55 1 1
github.com/ct-logic-api-document/internal/usecase/fetch_data.go:265.55,268.3 2 0
github.com/ct-logic-api-document/internal/usecase/fetch_data.go:269.2,269.23 1 1
github.com/ct-logic-api-document/internal/usecase/fetch_data.go:277.108,282.23 3 0
github.com/ct-logic-api-document/internal/usecase/fetch_data.go:282.23,284.25 2 0
github.com/ct-logic-api-document/internal/usecase/fetch_data.go:284.25,285.71 1 0
github.com/ct-logic-api-document/internal/usecase/fetch_data.go:285.71,287.5 1 0
github.com/ct-logic-api-document/internal/usecase/fetch_data.go:291.2,292.23 2 0
github.com/ct-logic-api-document/internal/usecase/fetch_data.go:292.23,294.3 1 0
github.com/ct-logic-api-document/internal/usecase/fetch_data.go:297.2,297.49 1 0
github.com/ct-logic-api-document/internal/usecase/fetch_data.go:299.72,300.40 1 1
github.com/ct-logic-api-document/internal/usecase/fetch_data.go:300.40,302.3 1 0
github.com/ct-logic-api-document/internal/usecase/fetch_data.go:303.2,303.57 1 1
github.com/ct-logic-api-document/internal/usecase/fetch_data.go:303.57,305.3 1 0
github.com/ct-logic-api-document/internal/usecase/fetch_data.go:306.2,306.41 1 1
github.com/ct-logic-api-document/internal/usecase/fetch_data.go:306.41,308.3 1 0
github.com/ct-logic-api-document/internal/usecase/fetch_data.go:309.2,309.58 1 1
github.com/ct-logic-api-document/internal/usecase/fetch_data.go:309.58,311.3 1 0
github.com/ct-logic-api-document/internal/usecase/fetch_data.go:312.2,312.12 1 1
github.com/ct-logic-api-document/internal/usecase/fetch_data.go:315.84,321.16 6 1
github.com/ct-logic-api-document/internal/usecase/fetch_data.go:321.16,323.3 1 0
github.com/ct-logic-api-document/internal/usecase/fetch_data.go:324.2,324.16 1 1
github.com/ct-logic-api-document/internal/usecase/fetch_data.go:324.16,332.55 2 1
github.com/ct-logic-api-document/internal/usecase/fetch_data.go:332.55,334.4 1 0
github.com/ct-logic-api-document/internal/usecase/fetch_data.go:336.2,336.64 1 1
github.com/ct-logic-api-document/internal/usecase/fetch_data.go:336.64,338.3 1 0
github.com/ct-logic-api-document/internal/usecase/fetch_data.go:339.2,340.66 2 1
github.com/ct-logic-api-document/internal/usecase/fetch_data.go:340.66,342.3 1 0
github.com/ct-logic-api-document/internal/usecase/fetch_data.go:343.2,343.12 1 1
github.com/ct-logic-api-document/internal/usecase/fetch_data.go:346.109,351.35 2 1
github.com/ct-logic-api-document/internal/usecase/fetch_data.go:351.35,353.3 1 1
github.com/ct-logic-api-document/internal/usecase/fetch_data.go:354.2,354.74 1 1
github.com/ct-logic-api-document/internal/usecase/fetch_data.go:354.74,356.3 1 0
github.com/ct-logic-api-document/internal/usecase/fetch_data.go:357.2,357.12 1 1
github.com/ct-logic-api-document/internal/usecase/fetch_data.go:360.111,366.76 2 1
github.com/ct-logic-api-document/internal/usecase/fetch_data.go:366.76,368.3 1 0
github.com/ct-logic-api-document/internal/usecase/fetch_data.go:369.2,369.12 1 1
github.com/ct-logic-api-document/internal/usecase/fetch_data_helper.go:16.71,18.16 2 2
github.com/ct-logic-api-document/internal/usecase/fetch_data_helper.go:18.16,21.3 2 0
github.com/ct-logic-api-document/internal/usecase/fetch_data_helper.go:22.2,23.29 2 2
github.com/ct-logic-api-document/internal/usecase/fetch_data_helper.go:26.65,29.37 3 3
github.com/ct-logic-api-document/internal/usecase/fetch_data_helper.go:29.37,30.28 1 17
github.com/ct-logic-api-document/internal/usecase/fetch_data_helper.go:30.28,32.4 1 1
github.com/ct-logic-api-document/internal/usecase/fetch_data_helper.go:32.9,32.32 1 16
github.com/ct-logic-api-document/internal/usecase/fetch_data_helper.go:32.32,34.4 1 1
github.com/ct-logic-api-document/internal/usecase/fetch_data_helper.go:34.9,36.4 1 15
github.com/ct-logic-api-document/internal/usecase/fetch_data_helper.go:38.2,38.39 1 3
github.com/ct-logic-api-document/internal/usecase/fetch_data_helper.go:41.33,44.2 2 17
github.com/ct-logic-api-document/internal/usecase/fetch_data_helper.go:46.30,49.2 2 16
github.com/ct-logic-api-document/internal/usecase/fetch_data_helper.go:51.89,53.43 2 1
github.com/ct-logic-api-document/internal/usecase/fetch_data_helper.go:53.43,60.3 1 2
github.com/ct-logic-api-document/internal/usecase/fetch_data_helper.go:61.2,61.16 1 1
github.com/ct-logic-api-document/internal/usecase/fetch_data_helper.go:64.39,65.49 1 2
github.com/ct-logic-api-document/internal/usecase/fetch_data_helper.go:65.49,67.3 1 2
github.com/ct-logic-api-document/internal/usecase/fetch_data_helper.go:68.2,68.48 1 0
github.com/ct-logic-api-document/internal/usecase/fetch_data_helper.go:68.48,70.3 1 0
github.com/ct-logic-api-document/internal/usecase/fetch_data_helper.go:71.2,71.43 1 0
github.com/ct-logic-api-document/internal/usecase/fetch_data_helper.go:71.43,73.3 1 0
github.com/ct-logic-api-document/internal/usecase/fetch_data_helper.go:74.2,74.38 1 0
github.com/ct-logic-api-document/pkg/client/grpc_client.go:22.59,24.2 1 0
github.com/ct-logic-api-document/pkg/client/grpc_client.go:26.59,28.2 1 0
github.com/ct-logic-api-document/pkg/client/grpc_client.go:30.43,32.2 1 0
github.com/ct-logic-api-document/pkg/client/grpc_client.go:34.39,36.2 1 0
github.com/ct-logic-api-document/pkg/client/grpc_client.go:38.63,40.2 1 0
github.com/ct-logic-api-document/pkg/client/grpc_client.go:42.44,51.22 4 0
github.com/ct-logic-api-document/pkg/client/grpc_client.go:51.22,53.3 1 0
github.com/ct-logic-api-document/pkg/client/grpc_client.go:54.2,59.16 2 0
github.com/ct-logic-api-document/pkg/client/grpc_client.go:59.16,62.3 2 0
github.com/ct-logic-api-document/pkg/client/grpc_client.go:63.2,64.12 2 0
github.com/ct-logic-api-document/pkg/client/grpc_client.go:67.86,68.159 1 0
github.com/ct-logic-api-document/pkg/client/grpc_client.go:68.159,69.56 1 0
github.com/ct-logic-api-document/pkg/client/grpc_client.go:69.56,71.4 1 0
github.com/ct-logic-api-document/pkg/client/grpc_client.go:72.3,72.13 1 0
github.com/ct-logic-api-document/pkg/client/http_client.go:21.122,23.16 2 0
github.com/ct-logic-api-document/pkg/client/http_client.go:23.16,25.3 1 0
github.com/ct-logic-api-document/pkg/client/http_client.go:26.2,28.16 3 0
github.com/ct-logic-api-document/pkg/client/http_client.go:28.16,30.3 1 0
github.com/ct-logic-api-document/pkg/client/http_client.go:31.2,32.28 2 0
github.com/ct-logic-api-document/pkg/client/http_client.go:32.28,34.3 1 0
github.com/ct-logic-api-document/pkg/client/http_client.go:35.2,36.16 2 0
github.com/ct-logic-api-document/pkg/client/http_client.go:36.16,38.3 1 0
github.com/ct-logic-api-document/pkg/client/http_client.go:39.2,40.12 2 0
github.com/ct-logic-api-document/pkg/client/http_client.go:43.45,65.2 4 0
github.com/ct-logic-api-document/pkg/metric/metric.go:27.103,31.16 4 0
github.com/ct-logic-api-document/pkg/metric/metric.go:31.16,33.3 1 0
github.com/ct-logic-api-document/pkg/metric/metric.go:34.2,34.67 1 0
github.com/ct-logic-api-document/pkg/metric/metric.go:37.33,60.2 5 0
github.com/ct-logic-api-document/utils/gcs/gcs.go:18.89,21.30 2 1
github.com/ct-logic-api-document/utils/gcs/gcs.go:21.30,23.3 1 0
github.com/ct-logic-api-document/utils/gcs/gcs.go:24.2,25.6 2 1
github.com/ct-logic-api-document/utils/gcs/gcs.go:25.6,31.26 5 2
github.com/ct-logic-api-document/utils/gcs/gcs.go:31.26,32.9 1 1
github.com/ct-logic-api-document/utils/gcs/gcs.go:35.2,35.18 1 1
github.com/ct-logic-api-document/utils/gcs/gcs.go:38.120,40.27 2 0
github.com/ct-logic-api-document/utils/gcs/gcs.go:40.27,44.7 2 0
github.com/ct-logic-api-document/utils/gcs/gcs.go:44.7,46.46 2 0
github.com/ct-logic-api-document/utils/gcs/gcs.go:46.46,47.10 1 0
github.com/ct-logic-api-document/utils/gcs/gcs.go:49.4,49.18 1 0
github.com/ct-logic-api-document/utils/gcs/gcs.go:49.18,52.5 2 0
github.com/ct-logic-api-document/utils/gcs/gcs.go:53.4,53.48 1 0
github.com/ct-logic-api-document/utils/gcs/gcs.go:53.48,54.13 1 0
github.com/ct-logic-api-document/utils/gcs/gcs.go:56.4,56.43 1 0
github.com/ct-logic-api-document/utils/gcs/gcs.go:56.43,57.13 1 0
github.com/ct-logic-api-document/utils/gcs/gcs.go:60.4,61.10 2 0
github.com/ct-logic-api-document/utils/gcs/gcs.go:61.10,63.5 1 0
github.com/ct-logic-api-document/utils/gcs/gcs.go:63.10,65.5 1 0
github.com/ct-logic-api-document/utils/gcs/gcs.go:69.2,69.19 1 0
github.com/ct-logic-api-document/utils/mongodb/base.go:27.88,32.21 4 9
github.com/ct-logic-api-document/utils/mongodb/base.go:32.21,34.3 1 9
github.com/ct-logic-api-document/utils/mongodb/base.go:36.2,37.16 2 9
github.com/ct-logic-api-document/utils/mongodb/base.go:37.16,39.3 1 0
github.com/ct-logic-api-document/utils/mongodb/base.go:41.2,41.49 1 9
github.com/ct-logic-api-document/utils/mongodb/base.go:41.49,43.3 1 0
github.com/ct-logic-api-document/utils/mongodb/base.go:45.2,45.66 1 9
github.com/ct-logic-api-document/utils/mongodb/base.go:45.66,47.3 1 9
github.com/ct-logic-api-document/utils/mongodb/base.go:49.2,49.52 1 0
github.com/ct-logic-api-document/utils/mongodb/base.go:52.69,55.68 2 9
github.com/ct-logic-api-document/utils/mongodb/base.go:55.68,57.4 1 0
github.com/ct-logic-api-document/utils/mongodb/base.go:58.72,60.10 2 0
github.com/ct-logic-api-document/utils/mongodb/base.go:60.10,63.5 2 0
github.com/ct-logic-api-document/utils/mongodb/base.go:65.66,67.10 2 0
github.com/ct-logic-api-document/utils/mongodb/base.go:67.10,70.5 2 0
github.com/ct-logic-api-document/utils/mongodb/base.go:73.2,73.29 1 9
github.com/ct-logic-api-document/utils/mongodb/base.go:83.25,89.2 2 0
github.com/ct-logic-api-document/utils/mongodb/base.go:91.115,94.16 3 0
github.com/ct-logic-api-document/utils/mongodb/base.go:94.16,95.43 1 0
github.com/ct-logic-api-document/utils/mongodb/base.go:95.43,97.4 1 0
github.com/ct-logic-api-document/utils/mongodb/base.go:98.3,99.51 2 0
github.com/ct-logic-api-document/utils/mongodb/base.go:102.2,103.16 2 0
github.com/ct-logic-api-document/utils/mongodb/base.go:103.16,105.3 1 0
github.com/ct-logic-api-document/utils/mongodb/base.go:107.2,107.47 1 0
github.com/ct-logic-api-document/utils/mongodb/base.go:107.47,108.23 1 0
github.com/ct-logic-api-document/utils/mongodb/base.go:108.23,110.4 1 0
github.com/ct-logic-api-document/utils/mongodb/base.go:113.2,113.18 1 0
github.com/ct-logic-api-document/utils/mongodb/base.go:116.82,120.16 2 0
github.com/ct-logic-api-document/utils/mongodb/base.go:120.16,123.3 2 0
github.com/ct-logic-api-document/utils/mongodb/base.go:125.2,125.45 1 0
github.com/ct-logic-api-document/utils/mongodb/base.go:125.45,127.3 1 0
github.com/ct-logic-api-document/utils/mongodb/base.go:129.2,129.17 1 0
github.com/ct-logic-api-document/utils/mongodb/base.go:134.16,136.17 2 0
github.com/ct-logic-api-document/utils/mongodb/base.go:136.17,138.3 1 0
github.com/ct-logic-api-document/utils/mongodb/base.go:139.2,139.15 1 0
github.com/ct-logic-api-document/utils/mongodb/base.go:139.15,141.3 1 0
github.com/ct-logic-api-document/utils/mongodb/base.go:142.2,142.16 1 0
github.com/ct-logic-api-document/utils/mongodb/base.go:142.16,144.3 1 0
github.com/ct-logic-api-document/utils/mongodb/base.go:146.2,149.16 4 0
github.com/ct-logic-api-document/utils/mongodb/base.go:149.16,150.43 1 0
github.com/ct-logic-api-document/utils/mongodb/base.go:150.43,152.4 1 0
github.com/ct-logic-api-document/utils/mongodb/base.go:154.3,155.51 2 0
github.com/ct-logic-api-document/utils/mongodb/base.go:157.2,158.46 2 0
github.com/ct-logic-api-document/utils/mongodb/base.go:158.46,161.3 2 0
github.com/ct-logic-api-document/utils/mongodb/base.go:163.2,163.17 1 0
github.com/ct-logic-api-document/utils/mongodb/base.go:166.76,169.16 3 0
github.com/ct-logic-api-document/utils/mongodb/base.go:169.16,172.3 2 0
github.com/ct-logic-api-document/utils/mongodb/base.go:173.2,173.41 1 0
github.com/ct-logic-api-document/utils/mongodb/base.go:176.83,178.26 2 0
github.com/ct-logic-api-document/utils/mongodb/base.go:178.26,181.3 2 0
github.com/ct-logic-api-document/utils/mongodb/base.go:182.2,183.16 2 0
github.com/ct-logic-api-document/utils/mongodb/base.go:183.16,186.3 2 0
github.com/ct-logic-api-document/utils/mongodb/base.go:187.2,187.23 1 0
github.com/ct-logic-api-document/utils/mongodb/base.go:187.23,189.17 2 0
github.com/ct-logic-api-document/utils/mongodb/base.go:189.17,191.4 1 0
github.com/ct-logic-api-document/utils/mongodb/base.go:193.2,193.12 1 0
github.com/ct-logic-api-document/utils/mongodb/base.go:197.99,206.16 5 0
github.com/ct-logic-api-document/utils/mongodb/base.go:206.16,209.3 2 0
github.com/ct-logic-api-document/utils/mongodb/base.go:210.2,210.34 1 0
github.com/ct-logic-api-document/utils/mongodb/base.go:213.103,222.16 5 0
github.com/ct-logic-api-document/utils/mongodb/base.go:222.16,225.3 2 0
github.com/ct-logic-api-document/utils/mongodb/base.go:226.2,226.34 1 0
github.com/ct-logic-api-document/utils/mongodb/base.go:231.18,239.16 4 0
github.com/ct-logic-api-document/utils/mongodb/base.go:239.16,242.3 2 0
github.com/ct-logic-api-document/utils/mongodb/base.go:243.2,243.34 1 0
github.com/ct-logic-api-document/utils/mongodb/base.go:250.3,263.16 6 0
github.com/ct-logic-api-document/utils/mongodb/base.go:263.16,266.3 2 0
github.com/ct-logic-api-document/utils/mongodb/base.go:268.2,268.31 1 0
github.com/ct-logic-api-document/utils/mongodb/base.go:268.31,270.3 1 0
github.com/ct-logic-api-document/utils/mongodb/base.go:273.2,273.91 1 0
github.com/ct-logic-api-document/utils/mongodb/base.go:279.18,283.2 1 0
github.com/ct-logic-api-document/utils/mongodb/base.go:288.51,292.2 1 0
github.com/ct-logic-api-document/utils/mongodb/base.go:296.9,298.16 2 0
github.com/ct-logic-api-document/utils/mongodb/base.go:298.16,301.3 2 0
github.com/ct-logic-api-document/utils/mongodb/base.go:303.2,303.12 1 0
github.com/ct-logic-api-document/utils/mongodb/base.go:308.18,312.2 1 0
github.com/ct-logic-api-document/utils/mongodb/base.go:314.80,316.2 1 0
github.com/ct-logic-api-document/utils/mongodb/base.go:318.93,324.2 1 0
github.com/ct-logic-api-document/utils/mongodb/base.go:326.96,328.2 1 0
github.com/ct-logic-api-document/utils/mongodb/base.go:330.62,331.67 1 1
github.com/ct-logic-api-document/utils/mongodb/base.go:331.67,333.10 2 0
github.com/ct-logic-api-document/utils/mongodb/base.go:333.10,335.4 1 0
github.com/ct-logic-api-document/utils/mongodb/base.go:336.3,336.19 1 0
github.com/ct-logic-api-document/utils/mongodb/base.go:338.2,339.17 2 1
github.com/ct-logic-api-document/utils/mongodb/base.go:339.17,341.3 1 0
github.com/ct-logic-api-document/utils/mongodb/base.go:342.2,346.29 4 1
github.com/ct-logic-api-document/utils/mongodb/base.go:346.29,348.3 1 0
github.com/ct-logic-api-document/utils/mongodb/base.go:349.2,349.36 1 1
github.com/ct-logic-api-document/utils/mongodb/base.go:349.36,354.17 5 9
github.com/ct-logic-api-document/utils/mongodb/base.go:354.17,355.12 1 0
github.com/ct-logic-api-document/utils/mongodb/base.go:357.3,361.36 2 9
github.com/ct-logic-api-document/utils/mongodb/base.go:361.36,362.12 1 1
github.com/ct-logic-api-document/utils/mongodb/base.go:364.3,364.38 1 8
github.com/ct-logic-api-document/utils/mongodb/base.go:364.38,367.4 2 8
github.com/ct-logic-api-document/utils/mongodb/base.go:369.2,369.12 1 1
github.com/ct-logic-api-document/utils/mongodb/base_entity.go:28.48,30.9 2 0
github.com/ct-logic-api-document/utils/mongodb/base_entity.go:30.9,32.3 1 0
github.com/ct-logic-api-document/utils/mongodb/base_entity.go:33.2,34.12 2 0
github.com/ct-logic-api-document/utils/mongodb/base_entity.go:37.40,39.2 1 0
github.com/ct-logic-api-document/utils/mongodb/base_entity.go:41.40,43.2 1 0
github.com/ct-logic-api-document/utils/mongodb/base_entity.go:45.48,47.2 1 0
github.com/ct-logic-api-document/utils/mongodb/base_entity.go:49.48,50.24 1 0
github.com/ct-logic-api-document/utils/mongodb/base_entity.go:50.24,52.3 1 0
github.com/ct-logic-api-document/utils/mongodb/base_entity.go:53.2,54.18 2 0
github.com/ct-logic-api-document/utils/mongodb/base_entity.go:57.48,59.2 1 0
github.com/ct-logic-api-document/utils/mongodb/base_entity.go:61.48,63.2 1 0
